g++ -Wall -std=c++17 -I../src -I./lib/eigen/ -I./lib/nanoflann/include/ -O3 main_from_txt_3d.cpp src/3DSolver/Diff3DComparator.cpp src/3DSolver/SolidObject3D.cpp src/3DSolver/NSSolver3D.cpp src/3DSolver/Pool3D.cpp src/3DSolver/Boundary3D.cpp src/3DSolver/MomentumSolver3D.cpp src/3DSolver/KDPointCloud3D.cpp src/3DSolver/PressureSolver3D.cpp src/3DSolver/SimParams3D.cpp src/3DSolver/MassSpring3D.cpp src/LASolver/accel_class.cpp src/LASolver/MatrixIter.cpp src/LASolver/rcm.cpp src/LASolver/SparseItUtil.cpp src/LASolver/ILU_class.cpp src/Utils/GridValComparator.cpp src/Utils/Assembly.cpp src/Utils/GridVal2D.cpp src/Utils/GridVal3D.cpp src/Utils/SolidParams.cpp src/Utils/TestFormatter.cpp src/Utils/ADMMPG.cpp -o fluidsolver3d.exe
src/3DSolver/Pool3D.cpp: In member function ‘void Pool3D::detectCollisions()’:
src/3DSolver/Pool3D.cpp:832:35: warning: comparison of integer expressions of different signedness: ‘int’ and ‘std::vector<int>::size_type’ {aka ‘long unsigned int’} [-Wsign-compare]
  832 |                 for (int i = 0; i < nearestMss.size(); i++) {
      |                                 ~~^~~~~~~~~~~~~~~~~~~
src/3DSolver/Pool3D.cpp: In member function ‘void Pool3D::updatePoolVelocities(double, double***, double***, double***, double***, int)’:
src/3DSolver/Pool3D.cpp:2511:35: warning: comparison of integer expressions of different signedness: ‘int’ and ‘std::vector<mass_spring::massPoint3D>::size_type’ {aka ‘long unsigned int’} [-Wsign-compare]
 2511 |                 for (int k = 0; k < solids->at(i).pntList->size(); k++) {
      |                                 ~~^~~~~~~~~~~~~~~~~~~~~~~~~~~~~~~
src/3DSolver/Pool3D.cpp: In member function ‘void Pool3D::outputPool(const char*)’:
src/3DSolver/Pool3D.cpp:2826:9: warning: unused variable ‘onePercent’ [-Wunused-variable]
 2826 |     int onePercent = (int) (tot / (100.0));
      |         ^~~~~~~~~~
src/3DSolver/Pool3D.cpp:2828:9: warning: unused variable ‘Pct’ [-Wunused-variable]
 2828 |     int Pct = 0;
      |         ^~~
src/3DSolver/Pool3D.cpp:2829:9: warning: unused variable ‘off’ [-Wunused-variable]
 2829 |     int off = 0;
      |         ^~~
src/3DSolver/Pool3D.cpp: In member function ‘void Pool3D::outputAllStructures(const char*)’:
src/3DSolver/Pool3D.cpp:2908:23: warning: comparison of integer expressions of different signedness: ‘int’ and ‘std::vector<mass_spring::MassSpring3D>::size_type’ {aka ‘long unsigned int’} [-Wsign-compare]
 2908 |     for (int i = 0; i < solids->size(); i++) {
      |                     ~~^~~~~~~~~~~~~~~~
src/3DSolver/Pool3D.cpp: In member function ‘void Pool3D::outputAllStructureNodes(const char*)’:
src/3DSolver/Pool3D.cpp:2922:23: warning: comparison of integer expressions of different signedness: ‘int’ and ‘std::vector<mass_spring::MassSpring3D>::size_type’ {aka ‘long unsigned int’} [-Wsign-compare]
 2922 |     for (int i = 0; i < solids->size(); i++) {
      |                     ~~^~~~~~~~~~~~~~~~
src/3DSolver/Pool3D.cpp: In member function ‘void Pool3D::outputAllStructureVels(const char*)’:
src/3DSolver/Pool3D.cpp:2936:23: warning: comparison of integer expressions of different signedness: ‘int’ and ‘std::vector<mass_spring::MassSpring3D>::size_type’ {aka ‘long unsigned int’} [-Wsign-compare]
 2936 |     for (int i = 0; i < solids->size(); i++) {
      |                     ~~^~~~~~~~~~~~~~~~
src/3DSolver/Pool3D.cpp: In member function ‘void Pool3D::embedShape(SolidObject3D&, int)’:
src/3DSolver/Pool3D.cpp:1449:83: warning: ‘min_z’ may be used uninitialized in this function [-Wmaybe-uninitialized]
 1449 |         this->tracers[structNum].z = simutils::midpoint(this->z[min_z-1], this->z[min_z]);
      |                                                                                   ^~~~~
src/3DSolver/Pool3D.cpp:1448:83: warning: ‘min_y’ may be used uninitialized in this function [-Wmaybe-uninitialized]
 1448 |         this->tracers[structNum].y = simutils::midpoint(this->y[min_y-1], this->y[min_y]);
      |                                                                                   ^~~~~
src/3DSolver/Pool3D.cpp:1447:83: warning: ‘min_x’ may be used uninitialized in this function [-Wmaybe-uninitialized]
 1447 |         this->tracers[structNum].x = simutils::midpoint(this->x[min_x-1], this->x[min_x]);
      |                                                                                   ^~~~~
src/3DSolver/PressureSolver3D.cpp: In member function ‘void PressureSolver3D::setUpMatrixStruct(int, int, int)’:
src/3DSolver/PressureSolver3D.cpp:70:13: warning: catching polymorphic type ‘class std::bad_alloc’ by value [-Wcatch-value=]
   70 |     } catch(bad_alloc) {
      |             ^~~~~~~~~
src/3DSolver/PressureSolver3D.cpp:88:13: warning: catching polymorphic type ‘class std::bad_alloc’ by value [-Wcatch-value=]
   88 |     } catch(bad_alloc) {
      |             ^~~~~~~~~
src/3DSolver/PressureSolver3D.cpp: In member function ‘void PressureSolver3D::setUpPressureRHS(double, double***, double***, double***, double***, Pool3D*)’:
src/3DSolver/PressureSolver3D.cpp:319:13: warning: catching polymorphic type ‘class std::bad_alloc’ by value [-Wcatch-value=]
  319 |     } catch(bad_alloc) {
      |             ^~~~~~~~~
src/3DSolver/PressureSolver3D.cpp: In member function ‘void PressureSolver3D::solvePCG(double, Pool3D*, double***, double***, double***, double***, bool, SparseItObj::ParamIter&)’:
src/3DSolver/PressureSolver3D.cpp:375:11: warning: catching polymorphic type ‘class std::bad_alloc’ by value [-Wcatch-value=]
  375 |     catch(bad_alloc) {
      |           ^~~~~~~~~
src/3DSolver/MassSpring3D.cpp: In copy constructor ‘mass_spring::MassSpring3D::MassSpring3D(const mass_spring::MassSpring3D&)’:
src/3DSolver/MassSpring3D.cpp:82:27: warning: comparison of integer expressions of different signedness: ‘int’ and ‘std::vector<mass_spring::massPoint3D>::size_type’ {aka ‘long unsigned int’} [-Wsign-compare]
   82 |         for (int i = 0; i < 3*pntList->size(); i++) {
      |                         ~~^~~~~~~~~~~~~~~~~~~
src/3DSolver/MassSpring3D.cpp: In constructor ‘mass_spring::MassSpring3D::MassSpring3D(Pool3D&, int, SolidObject3D&, int, int)’:
src/3DSolver/MassSpring3D.cpp:259:23: warning: comparison of integer expressions of different signedness: ‘int’ and ‘std::vector<mass_spring::massPoint3D>::size_type’ {aka ‘long unsigned int’} [-Wsign-compare]
  259 |     for (int i = 0; i < pntList->size(); i++) {
      |                     ~~^~~~~~~~~~~~~~~~~
src/3DSolver/MassSpring3D.cpp:427:23: warning: comparison of integer expressions of different signedness: ‘int’ and ‘std::vector<mass_spring::massPoint3D>::size_type’ {aka ‘long unsigned int’} [-Wsign-compare]
  427 |     for (int i = 0; i < pntList->size(); i++) {
      |                     ~~^~~~~~~~~~~~~~~~~
src/3DSolver/MassSpring3D.cpp: In member function ‘virtual void mass_spring::MassSpring3D::buildDMatrix()’:
src/3DSolver/MassSpring3D.cpp:518:27: warning: comparison of integer expressions of different signedness: ‘int’ and ‘std::vector<mass_spring::edge3D>::size_type’ {aka ‘long unsigned int’} [-Wsign-compare]
  518 |     for (int col = 0; col < edgeList->size(); col++) {
      |                       ~~~~^~~~~~~~~~~~~~~~~~
src/3DSolver/MassSpring3D.cpp: In member function ‘virtual void mass_spring::MassSpring3D::buildWMatrix(double)’:
src/3DSolver/MassSpring3D.cpp:592:23: warning: comparison of integer expressions of different signedness: ‘int’ and ‘std::vector<mass_spring::edge3D>::size_type’ {aka ‘long unsigned int’} [-Wsign-compare]
  592 |     for (int i = 0; i < d*edgeList->size(); i++) {
      |                     ~~^~~~~~~~~~~~~~~~~~~~
src/3DSolver/MassSpring3D.cpp: In member function ‘virtual void mass_spring::MassSpring3D::prox(double, Eigen::VectorXd&, Eigen::VectorXd&, Eigen::VectorXd&)’:
src/3DSolver/MassSpring3D.cpp:608:23: warning: comparison of integer expressions of different signedness: ‘int’ and ‘std::vector<mass_spring::edge3D>::size_type’ {aka ‘long unsigned int’} [-Wsign-compare]
  608 |     for (int i = 0; i < edgeList->size(); i++) {
      |                     ~~^~~~~~~~~~~~~~~~~~
src/3DSolver/MassSpring3D.cpp: In member function ‘SparseItObj::MatrixIter* mass_spring::MassSpring3D::createStiffnessMatrix()’:
src/3DSolver/MassSpring3D.cpp:710:27: warning: comparison of integer expressions of different signedness: ‘int’ and ‘std::vector<mass_spring::massPoint3D>::size_type’ {aka ‘long unsigned int’} [-Wsign-compare]
  710 |         for (int i = 0; i < pntList->size(); i++) {
      |                         ~~^~~~~~~~~~~~~~~~~
src/3DSolver/MassSpring3D.cpp:755:13: warning: catching polymorphic type ‘class std::bad_alloc’ by value [-Wcatch-value=]
  755 |     } catch(bad_alloc) {
      |             ^~~~~~~~~
src/3DSolver/MassSpring3D.cpp:773:13: warning: catching polymorphic type ‘class std::bad_alloc’ by value [-Wcatch-value=]
  773 |     } catch(bad_alloc) {
      |             ^~~~~~~~~
src/3DSolver/MassSpring3D.cpp: In member function ‘void mass_spring::MassSpring3D::applyBoundaryForces(Pool3D&, double****, int, double*, double*)’:
src/3DSolver/MassSpring3D.cpp:1048:25: warning: comparison of integer expressions of different signedness: ‘int’ and ‘std::vector<mass_spring::massPoint3D>::size_type’ {aka ‘long unsigned int’} [-Wsign-compare]
 1048 |     for (int id = 0; id < pntList->size(); id++) {
      |                      ~~~^~~~~~~~~~~~~~~~~
src/3DSolver/MassSpring3D.cpp: In member function ‘void mass_spring::MassSpring3D::eulerSolve(double, int, bool)’:
src/3DSolver/MassSpring3D.cpp:1273:23: warning: comparison of integer expressions of different signedness: ‘int’ and ‘std::vector<mass_spring::massPoint3D>::size_type’ {aka ‘long unsigned int’} [-Wsign-compare]
 1273 |     for (int i = 0; i < pntList->size(); i++) {
      |                     ~~^~~~~~~~~~~~~~~~~
src/3DSolver/MassSpring3D.cpp: In member function ‘void mass_spring::MassSpring3D::linearImplicitSolve(double, int, bool)’:
src/3DSolver/MassSpring3D.cpp:1447:23: warning: comparison of integer expressions of different signedness: ‘int’ and ‘std::vector<mass_spring::massPoint3D>::size_type’ {aka ‘long unsigned int’} [-Wsign-compare]
 1447 |     for (int r = 0; r < 3*pntList->size(); r++) {
      |                     ~~^~~~~~~~~~~~~~~~~~~
src/3DSolver/MassSpring3D.cpp:1480:23: warning: comparison of integer expressions of different signedness: ‘int’ and ‘std::vector<mass_spring::massPoint3D>::size_type’ {aka ‘long unsigned int’} [-Wsign-compare]
 1480 |     for (int r = 0; r < 3*pntList->size(); r++) {
      |                     ~~^~~~~~~~~~~~~~~~~~~
src/3DSolver/MassSpring3D.cpp:1493:23: warning: comparison of integer expressions of different signedness: ‘int’ and ‘std::vector<mass_spring::massPoint3D>::size_type’ {aka ‘long unsigned int’} [-Wsign-compare]
 1493 |     for (int i = 0; i < 3*pntList->size(); i++) {
      |                     ~~^~~~~~~~~~~~~~~~~~~
src/3DSolver/MassSpring3D.cpp:1516:11: warning: catching polymorphic type ‘class std::bad_alloc’ by value [-Wcatch-value=]
 1516 |     catch(bad_alloc) {
      |           ^~~~~~~~~
src/3DSolver/MassSpring3D.cpp: In member function ‘void mass_spring::MassSpring3D::verletSolve(double, int, bool)’:
src/3DSolver/MassSpring3D.cpp:1572:23: warning: comparison of integer expressions of different signedness: ‘int’ and ‘std::vector<mass_spring::massPoint3D>::size_type’ {aka ‘long unsigned int’} [-Wsign-compare]
 1572 |     for (int i = 0; i < pntList->size(); i++) {
      |                     ~~^~~~~~~~~~~~~~~~~
src/3DSolver/MassSpring3D.cpp: In member function ‘void mass_spring::MassSpring3D::applyBodyForces()’:
src/3DSolver/MassSpring3D.cpp:1628:25: warning: comparison of integer expressions of different signedness: ‘int’ and ‘std::vector<mass_spring::massPoint3D>::size_type’ {aka ‘long unsigned int’} [-Wsign-compare]
 1628 |     for (int id = 0; id < pntList->size(); id++) {
      |                      ~~~^~~~~~~~~~~~~~~~~
src/3DSolver/MassSpring3D.cpp: In member function ‘void mass_spring::MassSpring3D::updateSolidVels(double, Pool3D&, double****, double*, int, bool)’:
src/3DSolver/MassSpring3D.cpp:1676:23: warning: comparison of integer expressions of different signedness: ‘int’ and ‘std::vector<mass_spring::massPoint3D>::size_type’ {aka ‘long unsigned int’} [-Wsign-compare]
 1676 |     for (int i = 0; i < pntList->size(); i++) {
      |                     ~~^~~~~~~~~~~~~~~~~
src/3DSolver/MassSpring3D.cpp:1694:23: warning: comparison of integer expressions of different signedness: ‘int’ and ‘std::vector<mass_spring::massPoint3D>::size_type’ {aka ‘long unsigned int’} [-Wsign-compare]
 1694 |     for (int i = 0; i < pntList->size(); i++) {
      |                     ~~^~~~~~~~~~~~~~~~~
src/3DSolver/MassSpring3D.cpp: In member function ‘void mass_spring::MassSpring3D::updateSolidLocs(Pool3D&, bool)’:
src/3DSolver/MassSpring3D.cpp:1759:23: warning: comparison of integer expressions of different signedness: ‘int’ and ‘std::vector<mass_spring::massPoint3D>::size_type’ {aka ‘long unsigned int’} [-Wsign-compare]
 1759 |     for (int i = 0; i < pntList->size(); i++) {
      |                     ~~^~~~~~~~~~~~~~~~~
src/3DSolver/MassSpring3D.cpp: In member function ‘bool mass_spring::MassSpring3D::redundantEdges()’:
src/3DSolver/MassSpring3D.cpp:1857:23: warning: comparison of integer expressions of different signedness: ‘int’ and ‘std::vector<mass_spring::edge3D>::size_type’ {aka ‘long unsigned int’} [-Wsign-compare]
 1857 |     for (int i = 0; i < edgeList->size(); i++) {
      |                     ~~^~~~~~~~~~~~~~~~~~
src/3DSolver/MassSpring3D.cpp:1861:27: warning: comparison of integer expressions of different signedness: ‘int’ and ‘std::vector<mass_spring::edge3D>::size_type’ {aka ‘long unsigned int’} [-Wsign-compare]
 1861 |         for (int j = 0; j < edgeList->size(); j++) {
      |                         ~~^~~~~~~~~~~~~~~~~~
src/3DSolver/MassSpring3D.cpp: In member function ‘void mass_spring::MassSpring3D::createFaceList()’:
src/3DSolver/MassSpring3D.cpp:2517:39: warning: comparison of integer expressions of different signedness: ‘int’ and ‘std::vector<mass_spring::massPoint3D>::size_type’ {aka ‘long unsigned int’} [-Wsign-compare]
 2517 |     for (int pntOneIdx = 0; pntOneIdx < pntList->size(); pntOneIdx++) {
      |                             ~~~~~~~~~~^~~~~~~~~~~~~~~~~
src/3DSolver/MassSpring3D.cpp:2635:23: warning: comparison of integer expressions of different signedness: ‘int’ and ‘std::vector<mass_spring::face3D>::size_type’ {aka ‘long unsigned int’} [-Wsign-compare]
 2635 |     for (int i = 0; i < faceList->size(); i++) {
      |                     ~~^~~~~~~~~~~~~~~~~~
src/3DSolver/MassSpring3D.cpp:2568:10: warning: unused variable ‘finished’ [-Wunused-variable]
 2568 |     bool finished = false;
      |          ^~~~~~~~
src/3DSolver/MassSpring3D.cpp:2569:12: warning: unused variable ‘centroidOne’ [-Wunused-variable]
 2569 |     double centroidOne[3];
      |            ^~~~~~~~~~~
src/3DSolver/MassSpring3D.cpp:2570:12: warning: unused variable ‘centroidTwo’ [-Wunused-variable]
 2570 |     double centroidTwo[3];
      |            ^~~~~~~~~~~
src/3DSolver/MassSpring3D.cpp:2571:12: warning: unused variable ‘bCoor1’ [-Wunused-variable]
 2571 |     double bCoor1[3];
      |            ^~~~~~
src/3DSolver/MassSpring3D.cpp:2572:12: warning: unused variable ‘bCoor2’ [-Wunused-variable]
 2572 |     double bCoor2[3];
      |            ^~~~~~
src/3DSolver/MassSpring3D.cpp:2574:9: warning: unused variable ‘curIdx’ [-Wunused-variable]
 2574 |     int curIdx = 0;
      |         ^~~~~~
src/3DSolver/MassSpring3D.cpp: In member function ‘void mass_spring::MassSpring3D::interpFaceVels(double*, double*)’:
src/3DSolver/MassSpring3D.cpp:2171:81: warning: ‘closestBaryCoords[2]’ may be used uninitialized in this function [-Wmaybe-uninitialized]
 2171 |     out[2] = alph*(*qt)[3*closestIds[0]+2] + beta*(*qt)[3*closestIds[1]+2] + gam*(*qt)[3*closestIds[2]+2];
src/3DSolver/MassSpring3D.cpp:2171:50: warning: ‘closestBaryCoords[1]’ may be used uninitialized in this function [-Wmaybe-uninitialized]
 2171 |     out[2] = alph*(*qt)[3*closestIds[0]+2] + beta*(*qt)[3*closestIds[1]+2] + gam*(*qt)[3*closestIds[2]+2];
src/3DSolver/MassSpring3D.cpp:2171:18: warning: ‘closestBaryCoords[0]’ may be used uninitialized in this function [-Wmaybe-uninitialized]
 2171 |     out[2] = alph*(*qt)[3*closestIds[0]+2] + beta*(*qt)[3*closestIds[1]+2] + gam*(*qt)[3*closestIds[2]+2];
In file included from src/3DSolver/Diff3DComparator.h:4,
                 from src/3DSolver/MassSpring3D.h:5,
                 from src/3DSolver/MassSpring3D.cpp:1:
src/3DSolver/../Utils/SimUtilities.h: In member function ‘bool mass_spring::MassSpring3D::pntAlongEdge(double*, double*, double*)’:
src/3DSolver/../Utils/SimUtilities.h:82:19: warning: ‘t’ may be used uninitialized in this function [-Wmaybe-uninitialized]
   82 |         return abs(a - b) < eps;
      |                ~~~^~~~~~~
src/3DSolver/MassSpring3D.cpp:2691:12: note: ‘t’ was declared here
 2691 |     double t;
      |            ^
src/3DSolver/MassSpring3D.cpp: In member function ‘void mass_spring::MassSpring3D::updateSolidVels(double, Pool3D&, double****, double*, int, bool)’:
src/3DSolver/MassSpring3D.cpp:1703:26: warning: ‘temp’ may be used uninitialized in this function [-Wmaybe-uninitialized]
 1703 |         this->updateMode = temp;
      |         ~~~~~~~~~~~~~~~~~^~~~~~
src/LASolver/accel_class.cpp: In constructor ‘SparseItObj::scaler_orthomin::scaler_orthomin(int, double*, int)’:
src/LASolver/accel_class.cpp:62:16: warning: catching polymorphic type ‘class std::bad_alloc’ by value [-Wcatch-value=]
   62 |     catch(std::bad_alloc) {
      |                ^~~~~~~~~
src/LASolver/ILU_class.cpp: In member function ‘void SparseItObj::scaler_ILU::sfac2(const int*, const int*, int, int*, int*)’:
src/LASolver/ILU_class.cpp:171:14: warning: catching polymorphic type ‘class std::bad_alloc’ by value [-Wcatch-value=]
  171 |   catch(std::bad_alloc){// catch
      |              ^~~~~~~~~
src/LASolver/ILU_class.cpp:135:7: warning: variable ‘itemp’ set but not used [-Wunused-but-set-variable]
  135 |   int itemp, nrow;
      |       ^~~~~
src/LASolver/ILU_class.cpp: In member function ‘void SparseItObj::scaler_ILU::factor(const int*, const int*, const double*)’:
src/LASolver/ILU_class.cpp:356:14: warning: catching polymorphic type ‘class std::bad_alloc’ by value [-Wcatch-value=]
  356 |   catch(std::bad_alloc){// catch block
      |              ^~~~~~~~~
src/LASolver/ILU_class.cpp: In member function ‘void SparseItObj::scaler_ILU::facdrp(const int*, const int*, double*, double, int*, int*)’:
src/LASolver/ILU_class.cpp:699:11: warning: variable ‘itemp’ set but not used [-Wunused-but-set-variable]
  699 |       int itemp, nrow;
      |           ^~~~~
src/LASolver/ILU_class.cpp: In member function ‘void SparseItObj::scaler_ILU::merged(int, int*, int, double*, double, double*)’:
src/LASolver/ILU_class.cpp:640:29: warning: ‘drop_temp’ may be used uninitialized in this function [-Wmaybe-uninitialized]
  640 |                        test =  drop_temp *
      |                        ~~~~~^~~~~~~~~~~~~~
  641 |                             odiag[ rowsp[row].jaf[ii] ] ;
      |                             ~~~~~~~~~~~~~~~~~~~~~~~~~~~
src/LASolver/ILU_class.cpp:644:17: warning: ‘test’ may be used uninitialized in this function [-Wmaybe-uninitialized]
  644 |                 if( fabs( temp) > test){
      |                 ^~
src/LASolver/ILU_class.cpp: In member function ‘void SparseItObj::scaler_ILU::elimrow(int, double*, double*, int*, int&, int&, int*, int*, double)’:
src/LASolver/ILU_class.cpp:1503:21: warning: ‘test’ may be used uninitialized in this function [-Wmaybe-uninitialized]
 1503 |                     if( fabs(temp) > test ){ // insert new entry
      |                     ^~
src/LASolver/ILU_class.cpp:1494:29: warning: ‘drop_temp’ may be used uninitialized in this function [-Wmaybe-uninitialized]
 1494 |                        test =  drop_temp *
      |                        ~~~~~^~~~~~~~~~~~~~
 1495 |                             odiag[ invord[ rowsp[row].jaf[ii] ]  ] ;
      |                             ~~~~~~~~~~~~~~~~~~~~~~~~~~~~~~~~~~~~~~
Reading in everything
xa = 0
xb = 5
ya = 0
yb = 5
za = 0
zb = 10
nx = 160
ny = 160
nz = 320
cons_u = 0
cons_v = 0
cons_w = -0.1
g_x = 0
g_y = 0
g_z = 0
Re = 1000
useEno = 1
bcType = downDirFlowBC
numObjects = 28
objectFunc = coneShapeFun
objectType = 2
Adding paramName = mass paramValue = 1
Adding paramName = density paramValue = 1
Adding paramName = r paramValue = 0.6
Adding paramName = E paramValue = 10
Adding paramName = eta paramValue = 0
Adding paramName = a paramValue = 0
Adding paramName = c paramValue = 0
Adding paramName = deg paramValue = 52
Adding paramName = cx paramValue = 2.5
Adding paramName = cy paramValue = 2.5
Adding paramName = cz paramValue = 5
objectFunc = coneShapeFun
objectType = 1
Adding paramName = mass paramValue = 1
Adding paramName = density paramValue = 1
Adding paramName = r paramValue = 0.2
Adding paramName = E paramValue = 10
Adding paramName = eta paramValue = 0
Adding paramName = a paramValue = 0
Adding paramName = c paramValue = 0
Adding paramName = deg paramValue = 16
Adding paramName = cx paramValue = 1.2
Adding paramName = cy paramValue = 1.2
Adding paramName = cz paramValue = 6.2
objectFunc = coneShapeFun
objectType = 1
Adding paramName = mass paramValue = 1
Adding paramName = density paramValue = 1
Adding paramName = r paramValue = 0.2
Adding paramName = E paramValue = 10
Adding paramName = eta paramValue = 0
Adding paramName = a paramValue = 0
Adding paramName = c paramValue = 0
Adding paramName = deg paramValue = 335
Adding paramName = cx paramValue = 1.2
Adding paramName = cy paramValue = 1.2
Adding paramName = cz paramValue = 7.2
objectFunc = coneShapeFun
objectType = 1
Adding paramName = mass paramValue = 1
Adding paramName = density paramValue = 1
Adding paramName = r paramValue = 0.2
Adding paramName = E paramValue = 10
Adding paramName = eta paramValue = 0
Adding paramName = a paramValue = 0
Adding paramName = c paramValue = 0
Adding paramName = deg paramValue = 49
Adding paramName = cx paramValue = 1.2
Adding paramName = cy paramValue = 1.2
Adding paramName = cz paramValue = 8.2
objectFunc = coneShapeFun
objectType = 1
Adding paramName = mass paramValue = 1
Adding paramName = density paramValue = 1
Adding paramName = r paramValue = 0.2
Adding paramName = E paramValue = 10
Adding paramName = eta paramValue = 0
Adding paramName = a paramValue = 0
Adding paramName = c paramValue = 0
Adding paramName = deg paramValue = 113
Adding paramName = cx paramValue = 1.2
Adding paramName = cy paramValue = 2.2
Adding paramName = cz paramValue = 6.2
objectFunc = coneShapeFun
objectType = 1
Adding paramName = mass paramValue = 1
Adding paramName = density paramValue = 1
Adding paramName = r paramValue = 0.2
Adding paramName = E paramValue = 10
Adding paramName = eta paramValue = 0
Adding paramName = a paramValue = 0
Adding paramName = c paramValue = 0
Adding paramName = deg paramValue = 60
Adding paramName = cx paramValue = 1.2
Adding paramName = cy paramValue = 2.2
Adding paramName = cz paramValue = 7.2
objectFunc = coneShapeFun
objectType = 1
Adding paramName = mass paramValue = 1
Adding paramName = density paramValue = 1
Adding paramName = r paramValue = 0.2
Adding paramName = E paramValue = 10
Adding paramName = eta paramValue = 0
Adding paramName = a paramValue = 0
Adding paramName = c paramValue = 0
Adding paramName = deg paramValue = 201
Adding paramName = cx paramValue = 1.2
Adding paramName = cy paramValue = 2.2
Adding paramName = cz paramValue = 8.2
objectFunc = coneShapeFun
objectType = 1
Adding paramName = mass paramValue = 1
Adding paramName = density paramValue = 1
Adding paramName = r paramValue = 0.2
Adding paramName = E paramValue = 10
Adding paramName = eta paramValue = 0
Adding paramName = a paramValue = 0
Adding paramName = c paramValue = 0
Adding paramName = deg paramValue = 337
Adding paramName = cx paramValue = 1.2
Adding paramName = cy paramValue = 3.2
Adding paramName = cz paramValue = 6.2
objectFunc = coneShapeFun
objectType = 1
Adding paramName = mass paramValue = 1
Adding paramName = density paramValue = 1
Adding paramName = r paramValue = 0.2
Adding paramName = E paramValue = 10
Adding paramName = eta paramValue = 0
Adding paramName = a paramValue = 0
Adding paramName = c paramValue = 0
Adding paramName = deg paramValue = 331
Adding paramName = cx paramValue = 1.2
Adding paramName = cy paramValue = 3.2
Adding paramName = cz paramValue = 7.2
objectFunc = coneShapeFun
objectType = 1
Adding paramName = mass paramValue = 1
Adding paramName = density paramValue = 1
Adding paramName = r paramValue = 0.2
Adding paramName = E paramValue = 10
Adding paramName = eta paramValue = 0
Adding paramName = a paramValue = 0
Adding paramName = c paramValue = 0
Adding paramName = deg paramValue = 37
Adding paramName = cx paramValue = 1.2
Adding paramName = cy paramValue = 3.2
Adding paramName = cz paramValue = 8.2
objectFunc = coneShapeFun
objectType = 1
Adding paramName = mass paramValue = 1
Adding paramName = density paramValue = 1
Adding paramName = r paramValue = 0.2
Adding paramName = E paramValue = 10
Adding paramName = eta paramValue = 0
Adding paramName = a paramValue = 0
Adding paramName = c paramValue = 0
Adding paramName = deg paramValue = 118
Adding paramName = cx paramValue = 2.2
Adding paramName = cy paramValue = 1.2
Adding paramName = cz paramValue = 6.2
objectFunc = coneShapeFun
objectType = 1
Adding paramName = mass paramValue = 1
Adding paramName = density paramValue = 1
Adding paramName = r paramValue = 0.2
Adding paramName = E paramValue = 10
Adding paramName = eta paramValue = 0
Adding paramName = a paramValue = 0
Adding paramName = c paramValue = 0
Adding paramName = deg paramValue = 131
Adding paramName = cx paramValue = 2.2
Adding paramName = cy paramValue = 1.2
Adding paramName = cz paramValue = 7.2
objectFunc = coneShapeFun
objectType = 1
Adding paramName = mass paramValue = 1
Adding paramName = density paramValue = 1
Adding paramName = r paramValue = 0.2
Adding paramName = E paramValue = 10
Adding paramName = eta paramValue = 0
Adding paramName = a paramValue = 0
Adding paramName = c paramValue = 0
Adding paramName = deg paramValue = 301
Adding paramName = cx paramValue = 2.2
Adding paramName = cy paramValue = 1.2
Adding paramName = cz paramValue = 8.2
objectFunc = coneShapeFun
objectType = 1
Adding paramName = mass paramValue = 1
Adding paramName = density paramValue = 1
Adding paramName = r paramValue = 0.2
Adding paramName = E paramValue = 10
Adding paramName = eta paramValue = 0
Adding paramName = a paramValue = 0
Adding paramName = c paramValue = 0
Adding paramName = deg paramValue = 203
Adding paramName = cx paramValue = 2.2
Adding paramName = cy paramValue = 2.2
Adding paramName = cz paramValue = 6.2
objectFunc = coneShapeFun
objectType = 1
Adding paramName = mass paramValue = 1
Adding paramName = density paramValue = 1
Adding paramName = r paramValue = 0.2
Adding paramName = E paramValue = 10
Adding paramName = eta paramValue = 0
Adding paramName = a paramValue = 0
Adding paramName = c paramValue = 0
Adding paramName = deg paramValue = 192
Adding paramName = cx paramValue = 2.2
Adding paramName = cy paramValue = 2.2
Adding paramName = cz paramValue = 7.2
objectFunc = coneShapeFun
objectType = 1
Adding paramName = mass paramValue = 1
Adding paramName = density paramValue = 1
Adding paramName = r paramValue = 0.2
Adding paramName = E paramValue = 10
Adding paramName = eta paramValue = 0
Adding paramName = a paramValue = 0
Adding paramName = c paramValue = 0
Adding paramName = deg paramValue = 10
Adding paramName = cx paramValue = 2.2
Adding paramName = cy paramValue = 2.2
Adding paramName = cz paramValue = 8.2
objectFunc = coneShapeFun
objectType = 1
Adding paramName = mass paramValue = 1
Adding paramName = density paramValue = 1
Adding paramName = r paramValue = 0.2
Adding paramName = E paramValue = 10
Adding paramName = eta paramValue = 0
Adding paramName = a paramValue = 0
Adding paramName = c paramValue = 0
Adding paramName = deg paramValue = 150
Adding paramName = cx paramValue = 2.2
Adding paramName = cy paramValue = 3.2
Adding paramName = cz paramValue = 6.2
objectFunc = coneShapeFun
objectType = 1
Adding paramName = mass paramValue = 1
Adding paramName = density paramValue = 1
Adding paramName = r paramValue = 0.2
Adding paramName = E paramValue = 10
Adding paramName = eta paramValue = 0
Adding paramName = a paramValue = 0
Adding paramName = c paramValue = 0
Adding paramName = deg paramValue = 270
Adding paramName = cx paramValue = 2.2
Adding paramName = cy paramValue = 3.2
Adding paramName = cz paramValue = 7.2
objectFunc = coneShapeFun
objectType = 1
Adding paramName = mass paramValue = 1
Adding paramName = density paramValue = 1
Adding paramName = r paramValue = 0.2
Adding paramName = E paramValue = 10
Adding paramName = eta paramValue = 0
Adding paramName = a paramValue = 0
Adding paramName = c paramValue = 0
Adding paramName = deg paramValue = 355
Adding paramName = cx paramValue = 2.2
Adding paramName = cy paramValue = 3.2
Adding paramName = cz paramValue = 8.2
objectFunc = coneShapeFun
objectType = 1
Adding paramName = mass paramValue = 1
Adding paramName = density paramValue = 1
Adding paramName = r paramValue = 0.2
Adding paramName = E paramValue = 10
Adding paramName = eta paramValue = 0
Adding paramName = a paramValue = 0
Adding paramName = c paramValue = 0
Adding paramName = deg paramValue = 155
Adding paramName = cx paramValue = 3.2
Adding paramName = cy paramValue = 1.2
Adding paramName = cz paramValue = 6.2
objectFunc = coneShapeFun
objectType = 1
Adding paramName = mass paramValue = 1
Adding paramName = density paramValue = 1
Adding paramName = r paramValue = 0.2
Adding paramName = E paramValue = 10
Adding paramName = eta paramValue = 0
Adding paramName = a paramValue = 0
Adding paramName = c paramValue = 0
Adding paramName = deg paramValue = 315
Adding paramName = cx paramValue = 3.2
Adding paramName = cy paramValue = 1.2
Adding paramName = cz paramValue = 7.2
objectFunc = coneShapeFun
objectType = 1
Adding paramName = mass paramValue = 1
Adding paramName = density paramValue = 1
Adding paramName = r paramValue = 0.2
Adding paramName = E paramValue = 10
Adding paramName = eta paramValue = 0
Adding paramName = a paramValue = 0
Adding paramName = c paramValue = 0
Adding paramName = deg paramValue = 227
Adding paramName = cx paramValue = 3.2
Adding paramName = cy paramValue = 1.2
Adding paramName = cz paramValue = 8.2
objectFunc = coneShapeFun
objectType = 1
Adding paramName = mass paramValue = 1
Adding paramName = density paramValue = 1
Adding paramName = r paramValue = 0.2
Adding paramName = E paramValue = 10
Adding paramName = eta paramValue = 0
Adding paramName = a paramValue = 0
Adding paramName = c paramValue = 0
Adding paramName = deg paramValue = 123
Adding paramName = cx paramValue = 3.2
Adding paramName = cy paramValue = 2.2
Adding paramName = cz paramValue = 6.2
objectFunc = coneShapeFun
objectType = 1
Adding paramName = mass paramValue = 1
Adding paramName = density paramValue = 1
Adding paramName = r paramValue = 0.2
Adding paramName = E paramValue = 10
Adding paramName = eta paramValue = 0
Adding paramName = a paramValue = 0
Adding paramName = c paramValue = 0
Adding paramName = deg paramValue = 148
Adding paramName = cx paramValue = 3.2
Adding paramName = cy paramValue = 2.2
Adding paramName = cz paramValue = 7.2
objectFunc = coneShapeFun
objectType = 1
Adding paramName = mass paramValue = 1
Adding paramName = density paramValue = 1
Adding paramName = r paramValue = 0.2
Adding paramName = E paramValue = 10
Adding paramName = eta paramValue = 0
Adding paramName = a paramValue = 0
Adding paramName = c paramValue = 0
Adding paramName = deg paramValue = 7
Adding paramName = cx paramValue = 3.2
Adding paramName = cy paramValue = 2.2
Adding paramName = cz paramValue = 8.2
objectFunc = coneShapeFun
objectType = 1
Adding paramName = mass paramValue = 1
Adding paramName = density paramValue = 1
Adding paramName = r paramValue = 0.2
Adding paramName = E paramValue = 10
Adding paramName = eta paramValue = 0
Adding paramName = a paramValue = 0
Adding paramName = c paramValue = 0
Adding paramName = deg paramValue = 36
Adding paramName = cx paramValue = 3.2
Adding paramName = cy paramValue = 3.2
Adding paramName = cz paramValue = 6.2
objectFunc = coneShapeFun
objectType = 1
Adding paramName = mass paramValue = 1
Adding paramName = density paramValue = 1
Adding paramName = r paramValue = 0.2
Adding paramName = E paramValue = 10
Adding paramName = eta paramValue = 0
Adding paramName = a paramValue = 0
Adding paramName = c paramValue = 0
Adding paramName = deg paramValue = 198
Adding paramName = cx paramValue = 3.2
Adding paramName = cy paramValue = 3.2
Adding paramName = cz paramValue = 7.2
objectFunc = coneShapeFun
objectType = 1
Adding paramName = mass paramValue = 1
Adding paramName = density paramValue = 1
Adding paramName = r paramValue = 0.2
Adding paramName = E paramValue = 10
Adding paramName = eta paramValue = 0
Adding paramName = a paramValue = 0
Adding paramName = c paramValue = 0
Adding paramName = deg paramValue = 39
Adding paramName = cx paramValue = 3.2
Adding paramName = cy paramValue = 3.2
Adding paramName = cz paramValue = 8.2
Making solver
1
1
1
1
1
1
1
1
1
Creating the pool
Embedding the shapes
tracer for the first (x, y, z) = (2.45312, 2.45312, 4.95312)
tracer for the first (x, y, z) = (1.17188, 1.17188, 6.17188)
tracer for the first (x, y, z) = (1.17188, 1.17188, 7.17188)
tracer for the first (x, y, z) = (1.17188, 1.17188, 8.17188)
tracer for the first (x, y, z) = (1.17188, 2.17188, 6.17188)
tracer for the first (x, y, z) = (1.17188, 2.17188, 7.17188)
tracer for the first (x, y, z) = (1.17188, 2.17188, 8.17188)
tracer for the first (x, y, z) = (1.17188, 3.17188, 6.17188)
tracer for the first (x, y, z) = (1.17188, 3.17188, 7.17188)
tracer for the first (x, y, z) = (1.17188, 3.17188, 8.17188)
tracer for the first (x, y, z) = (2.17188, 1.17188, 6.17188)
tracer for the first (x, y, z) = (2.17188, 1.17188, 7.17188)
tracer for the first (x, y, z) = (2.17188, 1.17188, 8.17188)
tracer for the first (x, y, z) = (2.17188, 2.17188, 6.17188)
tracer for the first (x, y, z) = (2.17188, 2.17188, 7.17188)
tracer for the first (x, y, z) = (2.17188, 2.17188, 8.17188)
tracer for the first (x, y, z) = (2.17188, 3.17188, 6.17188)
tracer for the first (x, y, z) = (2.17188, 3.17188, 7.17188)
tracer for the first (x, y, z) = (2.17188, 3.17188, 8.17188)
tracer for the first (x, y, z) = (3.17188, 1.17188, 6.17188)
tracer for the first (x, y, z) = (3.17188, 1.17188, 7.17188)
tracer for the first (x, y, z) = (3.17188, 1.17188, 8.17188)
tracer for the first (x, y, z) = (3.17188, 2.17188, 6.17188)
tracer for the first (x, y, z) = (3.17188, 2.17188, 7.17188)
tracer for the first (x, y, z) = (3.17188, 2.17188, 8.17188)
tracer for the first (x, y, z) = (3.17188, 3.17188, 6.17188)
tracer for the first (x, y, z) = (3.17188, 3.17188, 7.17188)
tracer for the first (x, y, z) = (3.17188, 3.17188, 8.17188)
FINISHED Embedding the shapes
nStructs = 28
i = 0
in CTOR
b4 making the pnts size = 33424
Finsihed all the q's
Finsihed edge addition
before createFaceList 33424
Finsihed face creation
init the thing
FINISHED init the thing
Setting the vals
FINISHED Setting the vals
Leaving the CTOR
In copy CTOR
FINSIHED In copy CTOR
In destructor MSS
edgeList
pntList
faceList
bedgeIdList
bNodeIdList
finsihed deleting boundary stuff
deleting newtons homies
finished deleting newtons homies
deleting CG
FINSIHED deleting CG
FINISHED In destructor
i = 1
in CTOR
b4 making the pnts size = 1571
Finsihed all the q's
Finsihed edge addition
before createFaceList 1571
Finsihed face creation
init the thing
FINISHED init the thing
Setting the vals
FINISHED Setting the vals
Leaving the CTOR
In copy CTOR
FINSIHED In copy CTOR
In copy CTOR
FINSIHED In copy CTOR
In destructor MSS
edgeList
pntList
faceList
bedgeIdList
bNodeIdList
finsihed deleting boundary stuff
deleting newtons homies
finished deleting newtons homies
deleting CG
FINSIHED deleting CG
FINISHED In destructor
In destructor MSS
edgeList
pntList
faceList
bedgeIdList
bNodeIdList
finsihed deleting boundary stuff
deleting newtons homies
finished deleting newtons homies
deleting CG
FINSIHED deleting CG
FINISHED In destructor
i = 2
in CTOR
b4 making the pnts size = 1571
Finsihed all the q's
Finsihed edge addition
before createFaceList 1571
Finsihed face creation
init the thing
FINISHED init the thing
Setting the vals
FINISHED Setting the vals
Leaving the CTOR
In copy CTOR
FINSIHED In copy CTOR
In copy CTOR
FINSIHED In copy CTOR
In copy CTOR
FINSIHED In copy CTOR
In destructor MSS
edgeList
pntList
faceList
bedgeIdList
bNodeIdList
finsihed deleting boundary stuff
deleting newtons homies
finished deleting newtons homies
deleting CG
FINSIHED deleting CG
FINISHED In destructor
In destructor MSS
edgeList
pntList
faceList
bedgeIdList
bNodeIdList
finsihed deleting boundary stuff
deleting newtons homies
finished deleting newtons homies
deleting CG
FINSIHED deleting CG
FINISHED In destructor
In destructor MSS
edgeList
pntList
faceList
bedgeIdList
bNodeIdList
finsihed deleting boundary stuff
deleting newtons homies
finished deleting newtons homies
deleting CG
FINSIHED deleting CG
FINISHED In destructor
i = 3
in CTOR
b4 making the pnts size = 1571
Finsihed all the q's
Finsihed edge addition
before createFaceList 1571
Finsihed face creation
init the thing
FINISHED init the thing
Setting the vals
FINISHED Setting the vals
Leaving the CTOR
In copy CTOR
FINSIHED In copy CTOR
In destructor MSS
edgeList
pntList
faceList
bedgeIdList
bNodeIdList
finsihed deleting boundary stuff
deleting newtons homies
finished deleting newtons homies
deleting CG
FINSIHED deleting CG
FINISHED In destructor
i = 4
in CTOR
b4 making the pnts size = 1571
Finsihed all the q's
Finsihed edge addition
before createFaceList 1571
Finsihed face creation
init the thing
FINISHED init the thing
Setting the vals
FINISHED Setting the vals
Leaving the CTOR
In copy CTOR
FINSIHED In copy CTOR
In copy CTOR
FINSIHED In copy CTOR
In copy CTOR
FINSIHED In copy CTOR
In copy CTOR
FINSIHED In copy CTOR
In copy CTOR
FINSIHED In copy CTOR
In destructor MSS
edgeList
pntList
faceList
bedgeIdList
bNodeIdList
finsihed deleting boundary stuff
deleting newtons homies
finished deleting newtons homies
deleting CG
FINSIHED deleting CG
FINISHED In destructor
In destructor MSS
edgeList
pntList
faceList
bedgeIdList
bNodeIdList
finsihed deleting boundary stuff
deleting newtons homies
finished deleting newtons homies
deleting CG
FINSIHED deleting CG
FINISHED In destructor
In destructor MSS
edgeList
pntList
faceList
bedgeIdList
bNodeIdList
finsihed deleting boundary stuff
deleting newtons homies
finished deleting newtons homies
deleting CG
FINSIHED deleting CG
FINISHED In destructor
In destructor MSS
edgeList
pntList
faceList
bedgeIdList
bNodeIdList
finsihed deleting boundary stuff
deleting newtons homies
finished deleting newtons homies
deleting CG
FINSIHED deleting CG
FINISHED In destructor
In destructor MSS
edgeList
pntList
faceList
bedgeIdList
bNodeIdList
finsihed deleting boundary stuff
deleting newtons homies
finished deleting newtons homies
deleting CG
FINSIHED deleting CG
FINISHED In destructor
i = 5
in CTOR
b4 making the pnts size = 1571
Finsihed all the q's
Finsihed edge addition
before createFaceList 1571
Finsihed face creation
init the thing
FINISHED init the thing
Setting the vals
FINISHED Setting the vals
Leaving the CTOR
In copy CTOR
FINSIHED In copy CTOR
In destructor MSS
edgeList
pntList
faceList
bedgeIdList
bNodeIdList
finsihed deleting boundary stuff
deleting newtons homies
finished deleting newtons homies
deleting CG
FINSIHED deleting CG
FINISHED In destructor
i = 6
in CTOR
b4 making the pnts size = 1571
Finsihed all the q's
Finsihed edge addition
before createFaceList 1571
Finsihed face creation
init the thing
FINISHED init the thing
Setting the vals
FINISHED Setting the vals
Leaving the CTOR
In copy CTOR
FINSIHED In copy CTOR
In destructor MSS
edgeList
pntList
faceList
bedgeIdList
bNodeIdList
finsihed deleting boundary stuff
deleting newtons homies
finished deleting newtons homies
deleting CG
FINSIHED deleting CG
FINISHED In destructor
i = 7
in CTOR
b4 making the pnts size = 1571
Finsihed all the q's
Finsihed edge addition
before createFaceList 1571
Finsihed face creation
init the thing
FINISHED init the thing
Setting the vals
FINISHED Setting the vals
Leaving the CTOR
In copy CTOR
FINSIHED In copy CTOR
In destructor MSS
edgeList
pntList
faceList
bedgeIdList
bNodeIdList
finsihed deleting boundary stuff
deleting newtons homies
finished deleting newtons homies
deleting CG
FINSIHED deleting CG
FINISHED In destructor
i = 8
in CTOR
b4 making the pnts size = 1571
Finsihed all the q's
Finsihed edge addition
before createFaceList 1571
Finsihed face creation
init the thing
FINISHED init the thing
Setting the vals
FINISHED Setting the vals
Leaving the CTOR
In copy CTOR
FINSIHED In copy CTOR
In copy CTOR
FINSIHED In copy CTOR
In copy CTOR
FINSIHED In copy CTOR
In copy CTOR
FINSIHED In copy CTOR
In copy CTOR
FINSIHED In copy CTOR
In copy CTOR
FINSIHED In copy CTOR
In copy CTOR
FINSIHED In copy CTOR
In copy CTOR
FINSIHED In copy CTOR
In copy CTOR
FINSIHED In copy CTOR
In destructor MSS
edgeList
pntList
faceList
bedgeIdList
bNodeIdList
finsihed deleting boundary stuff
deleting newtons homies
finished deleting newtons homies
deleting CG
FINSIHED deleting CG
FINISHED In destructor
In destructor MSS
edgeList
pntList
faceList
bedgeIdList
bNodeIdList
finsihed deleting boundary stuff
deleting newtons homies
finished deleting newtons homies
deleting CG
FINSIHED deleting CG
FINISHED In destructor
In destructor MSS
edgeList
pntList
faceList
bedgeIdList
bNodeIdList
finsihed deleting boundary stuff
deleting newtons homies
finished deleting newtons homies
deleting CG
FINSIHED deleting CG
FINISHED In destructor
In destructor MSS
edgeList
pntList
faceList
bedgeIdList
bNodeIdList
finsihed deleting boundary stuff
deleting newtons homies
finished deleting newtons homies
deleting CG
FINSIHED deleting CG
FINISHED In destructor
In destructor MSS
edgeList
pntList
faceList
bedgeIdList
bNodeIdList
finsihed deleting boundary stuff
deleting newtons homies
finished deleting newtons homies
deleting CG
FINSIHED deleting CG
FINISHED In destructor
In destructor MSS
edgeList
pntList
faceList
bedgeIdList
bNodeIdList
finsihed deleting boundary stuff
deleting newtons homies
finished deleting newtons homies
deleting CG
FINSIHED deleting CG
FINISHED In destructor
In destructor MSS
edgeList
pntList
faceList
bedgeIdList
bNodeIdList
finsihed deleting boundary stuff
deleting newtons homies
finished deleting newtons homies
deleting CG
FINSIHED deleting CG
FINISHED In destructor
In destructor MSS
edgeList
pntList
faceList
bedgeIdList
bNodeIdList
finsihed deleting boundary stuff
deleting newtons homies
finished deleting newtons homies
deleting CG
FINSIHED deleting CG
FINISHED In destructor
In destructor MSS
edgeList
pntList
faceList
bedgeIdList
bNodeIdList
finsihed deleting boundary stuff
deleting newtons homies
finished deleting newtons homies
deleting CG
FINSIHED deleting CG
FINISHED In destructor
i = 9
in CTOR
b4 making the pnts size = 1571
Finsihed all the q's
Finsihed edge addition
before createFaceList 1571
Finsihed face creation
init the thing
FINISHED init the thing
Setting the vals
FINISHED Setting the vals
Leaving the CTOR
In copy CTOR
FINSIHED In copy CTOR
In destructor MSS
edgeList
pntList
faceList
bedgeIdList
bNodeIdList
finsihed deleting boundary stuff
deleting newtons homies
finished deleting newtons homies
deleting CG
FINSIHED deleting CG
FINISHED In destructor
i = 10
in CTOR
b4 making the pnts size = 1571
Finsihed all the q's
Finsihed edge addition
before createFaceList 1571
Finsihed face creation
init the thing
FINISHED init the thing
Setting the vals
FINISHED Setting the vals
Leaving the CTOR
In copy CTOR
FINSIHED In copy CTOR
In destructor MSS
edgeList
pntList
faceList
bedgeIdList
bNodeIdList
finsihed deleting boundary stuff
deleting newtons homies
finished deleting newtons homies
deleting CG
FINSIHED deleting CG
FINISHED In destructor
i = 11
in CTOR
b4 making the pnts size = 1571
Finsihed all the q's
Finsihed edge addition
before createFaceList 1571
Finsihed face creation
init the thing
FINISHED init the thing
Setting the vals
FINISHED Setting the vals
Leaving the CTOR
In copy CTOR
FINSIHED In copy CTOR
In destructor MSS
edgeList
pntList
faceList
bedgeIdList
bNodeIdList
finsihed deleting boundary stuff
deleting newtons homies
finished deleting newtons homies
deleting CG
FINSIHED deleting CG
FINISHED In destructor
i = 12
in CTOR
b4 making the pnts size = 1571
Finsihed all the q's
Finsihed edge addition
before createFaceList 1571
Finsihed face creation
init the thing
FINISHED init the thing
Setting the vals
FINISHED Setting the vals
Leaving the CTOR
In copy CTOR
FINSIHED In copy CTOR
In destructor MSS
edgeList
pntList
faceList
bedgeIdList
bNodeIdList
finsihed deleting boundary stuff
deleting newtons homies
finished deleting newtons homies
deleting CG
FINSIHED deleting CG
FINISHED In destructor
i = 13
in CTOR
b4 making the pnts size = 1571
Finsihed all the q's
Finsihed edge addition
before createFaceList 1571
Finsihed face creation
init the thing
FINISHED init the thing
Setting the vals
FINISHED Setting the vals
Leaving the CTOR
In copy CTOR
FINSIHED In copy CTOR
In destructor MSS
edgeList
pntList
faceList
bedgeIdList
bNodeIdList
finsihed deleting boundary stuff
deleting newtons homies
finished deleting newtons homies
deleting CG
FINSIHED deleting CG
FINISHED In destructor
i = 14
in CTOR
b4 making the pnts size = 1571
Finsihed all the q's
Finsihed edge addition
before createFaceList 1571
Finsihed face creation
init the thing
FINISHED init the thing
Setting the vals
FINISHED Setting the vals
Leaving the CTOR
In copy CTOR
FINSIHED In copy CTOR
In destructor MSS
edgeList
pntList
faceList
bedgeIdList
bNodeIdList
finsihed deleting boundary stuff
deleting newtons homies
finished deleting newtons homies
deleting CG
FINSIHED deleting CG
FINISHED In destructor
i = 15
in CTOR
b4 making the pnts size = 1571
Finsihed all the q's
Finsihed edge addition
before createFaceList 1571
Finsihed face creation
init the thing
FINISHED init the thing
Setting the vals
FINISHED Setting the vals
Leaving the CTOR
In copy CTOR
FINSIHED In copy CTOR
In destructor MSS
edgeList
pntList
faceList
bedgeIdList
bNodeIdList
finsihed deleting boundary stuff
deleting newtons homies
finished deleting newtons homies
deleting CG
FINSIHED deleting CG
FINISHED In destructor
i = 16
in CTOR
b4 making the pnts size = 1571
Finsihed all the q's
Finsihed edge addition
before createFaceList 1571
Finsihed face creation
init the thing
FINISHED init the thing
Setting the vals
FINISHED Setting the vals
Leaving the CTOR
In copy CTOR
FINSIHED In copy CTOR
In copy CTOR
FINSIHED In copy CTOR
In copy CTOR
FINSIHED In copy CTOR
In copy CTOR
FINSIHED In copy CTOR
In copy CTOR
FINSIHED In copy CTOR
In copy CTOR
FINSIHED In copy CTOR
In copy CTOR
FINSIHED In copy CTOR
In copy CTOR
FINSIHED In copy CTOR
In copy CTOR
FINSIHED In copy CTOR
In copy CTOR
FINSIHED In copy CTOR
In copy CTOR
FINSIHED In copy CTOR
In copy CTOR
FINSIHED In copy CTOR
In copy CTOR
FINSIHED In copy CTOR
In copy CTOR
FINSIHED In copy CTOR
In copy CTOR
FINSIHED In copy CTOR
In copy CTOR
FINSIHED In copy CTOR
In copy CTOR
FINSIHED In copy CTOR
In destructor MSS
edgeList
pntList
faceList
bedgeIdList
bNodeIdList
finsihed deleting boundary stuff
deleting newtons homies
finished deleting newtons homies
deleting CG
FINSIHED deleting CG
FINISHED In destructor
In destructor MSS
edgeList
pntList
faceList
bedgeIdList
bNodeIdList
finsihed deleting boundary stuff
deleting newtons homies
finished deleting newtons homies
deleting CG
FINSIHED deleting CG
FINISHED In destructor
In destructor MSS
edgeList
pntList
faceList
bedgeIdList
bNodeIdList
finsihed deleting boundary stuff
deleting newtons homies
finished deleting newtons homies
deleting CG
FINSIHED deleting CG
FINISHED In destructor
In destructor MSS
edgeList
pntList
faceList
bedgeIdList
bNodeIdList
finsihed deleting boundary stuff
deleting newtons homies
finished deleting newtons homies
deleting CG
FINSIHED deleting CG
FINISHED In destructor
In destructor MSS
edgeList
pntList
faceList
bedgeIdList
bNodeIdList
finsihed deleting boundary stuff
deleting newtons homies
finished deleting newtons homies
deleting CG
FINSIHED deleting CG
FINISHED In destructor
In destructor MSS
edgeList
pntList
faceList
bedgeIdList
bNodeIdList
finsihed deleting boundary stuff
deleting newtons homies
finished deleting newtons homies
deleting CG
FINSIHED deleting CG
FINISHED In destructor
In destructor MSS
edgeList
pntList
faceList
bedgeIdList
bNodeIdList
finsihed deleting boundary stuff
deleting newtons homies
finished deleting newtons homies
deleting CG
FINSIHED deleting CG
FINISHED In destructor
In destructor MSS
edgeList
pntList
faceList
bedgeIdList
bNodeIdList
finsihed deleting boundary stuff
deleting newtons homies
finished deleting newtons homies
deleting CG
FINSIHED deleting CG
FINISHED In destructor
In destructor MSS
edgeList
pntList
faceList
bedgeIdList
bNodeIdList
finsihed deleting boundary stuff
deleting newtons homies
finished deleting newtons homies
deleting CG
FINSIHED deleting CG
FINISHED In destructor
In destructor MSS
edgeList
pntList
faceList
bedgeIdList
bNodeIdList
finsihed deleting boundary stuff
deleting newtons homies
finished deleting newtons homies
deleting CG
FINSIHED deleting CG
FINISHED In destructor
In destructor MSS
edgeList
pntList
faceList
bedgeIdList
bNodeIdList
finsihed deleting boundary stuff
deleting newtons homies
finished deleting newtons homies
deleting CG
FINSIHED deleting CG
FINISHED In destructor
In destructor MSS
edgeList
pntList
faceList
bedgeIdList
bNodeIdList
finsihed deleting boundary stuff
deleting newtons homies
finished deleting newtons homies
deleting CG
FINSIHED deleting CG
FINISHED In destructor
In destructor MSS
edgeList
pntList
faceList
bedgeIdList
bNodeIdList
finsihed deleting boundary stuff
deleting newtons homies
finished deleting newtons homies
deleting CG
FINSIHED deleting CG
FINISHED In destructor
In destructor MSS
edgeList
pntList
faceList
bedgeIdList
bNodeIdList
finsihed deleting boundary stuff
deleting newtons homies
finished deleting newtons homies
deleting CG
FINSIHED deleting CG
FINISHED In destructor
In destructor MSS
edgeList
pntList
faceList
bedgeIdList
bNodeIdList
finsihed deleting boundary stuff
deleting newtons homies
finished deleting newtons homies
deleting CG
FINSIHED deleting CG
FINISHED In destructor
In destructor MSS
edgeList
pntList
faceList
bedgeIdList
bNodeIdList
finsihed deleting boundary stuff
deleting newtons homies
finished deleting newtons homies
deleting CG
FINSIHED deleting CG
FINISHED In destructor
In destructor MSS
edgeList
pntList
faceList
bedgeIdList
bNodeIdList
finsihed deleting boundary stuff
deleting newtons homies
finished deleting newtons homies
deleting CG
FINSIHED deleting CG
FINISHED In destructor
i = 17
in CTOR
b4 making the pnts size = 1571
Finsihed all the q's
Finsihed edge addition
before createFaceList 1571
Finsihed face creation
init the thing
FINISHED init the thing
Setting the vals
FINISHED Setting the vals
Leaving the CTOR
In copy CTOR
FINSIHED In copy CTOR
In destructor MSS
edgeList
pntList
faceList
bedgeIdList
bNodeIdList
finsihed deleting boundary stuff
deleting newtons homies
finished deleting newtons homies
deleting CG
FINSIHED deleting CG
FINISHED In destructor
i = 18
in CTOR
b4 making the pnts size = 1571
Finsihed all the q's
Finsihed edge addition
before createFaceList 1571
Finsihed face creation
init the thing
FINISHED init the thing
Setting the vals
FINISHED Setting the vals
Leaving the CTOR
In copy CTOR
FINSIHED In copy CTOR
In destructor MSS
edgeList
pntList
faceList
bedgeIdList
bNodeIdList
finsihed deleting boundary stuff
deleting newtons homies
finished deleting newtons homies
deleting CG
FINSIHED deleting CG
FINISHED In destructor
i = 19
in CTOR
b4 making the pnts size = 1571
Finsihed all the q's
Finsihed edge addition
before createFaceList 1571
Finsihed face creation
init the thing
FINISHED init the thing
Setting the vals
FINISHED Setting the vals
Leaving the CTOR
In copy CTOR
FINSIHED In copy CTOR
In destructor MSS
edgeList
pntList
faceList
bedgeIdList
bNodeIdList
finsihed deleting boundary stuff
deleting newtons homies
finished deleting newtons homies
deleting CG
FINSIHED deleting CG
FINISHED In destructor
i = 20
in CTOR
b4 making the pnts size = 1571
Finsihed all the q's
Finsihed edge addition
before createFaceList 1571
Finsihed face creation
init the thing
FINISHED init the thing
Setting the vals
FINISHED Setting the vals
Leaving the CTOR
In copy CTOR
FINSIHED In copy CTOR
In destructor MSS
edgeList
pntList
faceList
bedgeIdList
bNodeIdList
finsihed deleting boundary stuff
deleting newtons homies
finished deleting newtons homies
deleting CG
FINSIHED deleting CG
FINISHED In destructor
i = 21
in CTOR
b4 making the pnts size = 1571
Finsihed all the q's
Finsihed edge addition
before createFaceList 1571
Finsihed face creation
init the thing
FINISHED init the thing
Setting the vals
FINISHED Setting the vals
Leaving the CTOR
In copy CTOR
FINSIHED In copy CTOR
In destructor MSS
edgeList
pntList
faceList
bedgeIdList
bNodeIdList
finsihed deleting boundary stuff
deleting newtons homies
finished deleting newtons homies
deleting CG
FINSIHED deleting CG
FINISHED In destructor
i = 22
in CTOR
b4 making the pnts size = 1571
Finsihed all the q's
Finsihed edge addition
before createFaceList 1571
Finsihed face creation
init the thing
FINISHED init the thing
Setting the vals
FINISHED Setting the vals
Leaving the CTOR
In copy CTOR
FINSIHED In copy CTOR
In destructor MSS
edgeList
pntList
faceList
bedgeIdList
bNodeIdList
finsihed deleting boundary stuff
deleting newtons homies
finished deleting newtons homies
deleting CG
FINSIHED deleting CG
FINISHED In destructor
i = 23
in CTOR
b4 making the pnts size = 1571
Finsihed all the q's
Finsihed edge addition
before createFaceList 1571
Finsihed face creation
init the thing
FINISHED init the thing
Setting the vals
FINISHED Setting the vals
Leaving the CTOR
In copy CTOR
FINSIHED In copy CTOR
In destructor MSS
edgeList
pntList
faceList
bedgeIdList
bNodeIdList
finsihed deleting boundary stuff
deleting newtons homies
finished deleting newtons homies
deleting CG
FINSIHED deleting CG
FINISHED In destructor
i = 24
in CTOR
b4 making the pnts size = 1571
Finsihed all the q's
Finsihed edge addition
before createFaceList 1571
Finsihed face creation
init the thing
FINISHED init the thing
Setting the vals
FINISHED Setting the vals
Leaving the CTOR
In copy CTOR
FINSIHED In copy CTOR
In destructor MSS
edgeList
pntList
faceList
bedgeIdList
bNodeIdList
finsihed deleting boundary stuff
deleting newtons homies
finished deleting newtons homies
deleting CG
FINSIHED deleting CG
FINISHED In destructor
i = 25
in CTOR
b4 making the pnts size = 1571
Finsihed all the q's
Finsihed edge addition
before createFaceList 1571
Finsihed face creation
init the thing
FINISHED init the thing
Setting the vals
FINISHED Setting the vals
Leaving the CTOR
In copy CTOR
FINSIHED In copy CTOR
In destructor MSS
edgeList
pntList
faceList
bedgeIdList
bNodeIdList
finsihed deleting boundary stuff
deleting newtons homies
finished deleting newtons homies
deleting CG
FINSIHED deleting CG
FINISHED In destructor
i = 26
in CTOR
b4 making the pnts size = 1571
Finsihed all the q's
Finsihed edge addition
before createFaceList 1571
Finsihed face creation
init the thing
FINISHED init the thing
Setting the vals
FINISHED Setting the vals
Leaving the CTOR
In copy CTOR
FINSIHED In copy CTOR
In destructor MSS
edgeList
pntList
faceList
bedgeIdList
bNodeIdList
finsihed deleting boundary stuff
deleting newtons homies
finished deleting newtons homies
deleting CG
FINSIHED deleting CG
FINISHED In destructor
i = 27
in CTOR
b4 making the pnts size = 1571
Finsihed all the q's
Finsihed edge addition
before createFaceList 1571
Finsihed face creation
init the thing
FINISHED init the thing
Setting the vals
FINISHED Setting the vals
Leaving the CTOR
In copy CTOR
FINSIHED In copy CTOR
In destructor MSS
edgeList
pntList
faceList
bedgeIdList
bNodeIdList
finsihed deleting boundary stuff
deleting newtons homies
finished deleting newtons homies
deleting CG
FINSIHED deleting CG
FINISHED In destructor
Finished Creating the pool
Finished Making solver
TAKING 0 STEPS
Outputting data
testdir = ./output/Q2ManyObject3D/
Outputting data
./output/Q2ManyObject3D/out3D
./output/Q2ManyObject3D/pool3DVel
./output/Q2ManyObject3D/MSS3DEdges
./output/Q2ManyObject3D/MSS3DNodes
./output/Q2ManyObject3D/MSS3DVels
./output/Q2ManyObject3D/MSS3DTracers
./output/Q2ManyObject3D/medialAxis3D
In destructor MSS
edgeList
pntList
faceList
bedgeIdList
bNodeIdList
finsihed deleting boundary stuff
deleting newtons homies
finished deleting newtons homies
deleting CG
FINSIHED deleting CG
FINISHED In destructor
In destructor MSS
edgeList
pntList
faceList
bedgeIdList
bNodeIdList
finsihed deleting boundary stuff
deleting newtons homies
finished deleting newtons homies
deleting CG
FINSIHED deleting CG
FINISHED In destructor
In destructor MSS
edgeList
pntList
faceList
bedgeIdList
bNodeIdList
finsihed deleting boundary stuff
deleting newtons homies
finished deleting newtons homies
deleting CG
FINSIHED deleting CG
FINISHED In destructor
In destructor MSS
edgeList
pntList
faceList
bedgeIdList
bNodeIdList
finsihed deleting boundary stuff
deleting newtons homies
finished deleting newtons homies
deleting CG
FINSIHED deleting CG
FINISHED In destructor
In destructor MSS
edgeList
pntList
faceList
bedgeIdList
bNodeIdList
finsihed deleting boundary stuff
deleting newtons homies
finished deleting newtons homies
deleting CG
FINSIHED deleting CG
FINISHED In destructor
In destructor MSS
edgeList
pntList
faceList
bedgeIdList
bNodeIdList
finsihed deleting boundary stuff
deleting newtons homies
finished deleting newtons homies
deleting CG
FINSIHED deleting CG
FINISHED In destructor
In destructor MSS
edgeList
pntList
faceList
bedgeIdList
bNodeIdList
finsihed deleting boundary stuff
deleting newtons homies
finished deleting newtons homies
deleting CG
FINSIHED deleting CG
FINISHED In destructor
In destructor MSS
edgeList
pntList
faceList
bedgeIdList
bNodeIdList
finsihed deleting boundary stuff
deleting newtons homies
finished deleting newtons homies
deleting CG
FINSIHED deleting CG
FINISHED In destructor
In destructor MSS
edgeList
pntList
faceList
bedgeIdList
bNodeIdList
finsihed deleting boundary stuff
deleting newtons homies
finished deleting newtons homies
deleting CG
FINSIHED deleting CG
FINISHED In destructor
In destructor MSS
edgeList
pntList
faceList
bedgeIdList
bNodeIdList
finsihed deleting boundary stuff
deleting newtons homies
finished deleting newtons homies
deleting CG
FINSIHED deleting CG
FINISHED In destructor
In destructor MSS
edgeList
pntList
faceList
bedgeIdList
bNodeIdList
finsihed deleting boundary stuff
deleting newtons homies
finished deleting newtons homies
deleting CG
FINSIHED deleting CG
FINISHED In destructor
In destructor MSS
edgeList
pntList
faceList
bedgeIdList
bNodeIdList
finsihed deleting boundary stuff
deleting newtons homies
finished deleting newtons homies
deleting CG
FINSIHED deleting CG
FINISHED In destructor
In destructor MSS
edgeList
pntList
faceList
bedgeIdList
bNodeIdList
finsihed deleting boundary stuff
deleting newtons homies
finished deleting newtons homies
deleting CG
FINSIHED deleting CG
FINISHED In destructor
In destructor MSS
edgeList
pntList
faceList
bedgeIdList
bNodeIdList
finsihed deleting boundary stuff
deleting newtons homies
finished deleting newtons homies
deleting CG
FINSIHED deleting CG
FINISHED In destructor
In destructor MSS
edgeList
pntList
faceList
bedgeIdList
bNodeIdList
finsihed deleting boundary stuff
deleting newtons homies
finished deleting newtons homies
deleting CG
FINSIHED deleting CG
FINISHED In destructor
In destructor MSS
edgeList
pntList
faceList
bedgeIdList
bNodeIdList
finsihed deleting boundary stuff
deleting newtons homies
finished deleting newtons homies
deleting CG
FINSIHED deleting CG
FINISHED In destructor
In destructor MSS
edgeList
pntList
faceList
bedgeIdList
bNodeIdList
finsihed deleting boundary stuff
deleting newtons homies
finished deleting newtons homies
deleting CG
FINSIHED deleting CG
FINISHED In destructor
In destructor MSS
edgeList
pntList
faceList
bedgeIdList
bNodeIdList
finsihed deleting boundary stuff
deleting newtons homies
finished deleting newtons homies
deleting CG
FINSIHED deleting CG
FINISHED In destructor
In destructor MSS
edgeList
pntList
faceList
bedgeIdList
bNodeIdList
finsihed deleting boundary stuff
deleting newtons homies
finished deleting newtons homies
deleting CG
FINSIHED deleting CG
FINISHED In destructor
In destructor MSS
edgeList
pntList
faceList
bedgeIdList
bNodeIdList
finsihed deleting boundary stuff
deleting newtons homies
finished deleting newtons homies
deleting CG
FINSIHED deleting CG
FINISHED In destructor
In destructor MSS
edgeList
pntList
faceList
bedgeIdList
bNodeIdList
finsihed deleting boundary stuff
deleting newtons homies
finished deleting newtons homies
deleting CG
FINSIHED deleting CG
FINISHED In destructor
In destructor MSS
edgeList
pntList
faceList
bedgeIdList
bNodeIdList
finsihed deleting boundary stuff
deleting newtons homies
finished deleting newtons homies
deleting CG
FINSIHED deleting CG
FINISHED In destructor
In destructor MSS
edgeList
pntList
faceList
bedgeIdList
bNodeIdList
finsihed deleting boundary stuff
deleting newtons homies
finished deleting newtons homies
deleting CG
FINSIHED deleting CG
FINISHED In destructor
In destructor MSS
edgeList
pntList
faceList
bedgeIdList
bNodeIdList
finsihed deleting boundary stuff
deleting newtons homies
finished deleting newtons homies
deleting CG
FINSIHED deleting CG
FINISHED In destructor
In destructor MSS
edgeList
pntList
faceList
bedgeIdList
bNodeIdList
finsihed deleting boundary stuff
deleting newtons homies
finished deleting newtons homies
deleting CG
FINSIHED deleting CG
FINISHED In destructor
In destructor MSS
edgeList
pntList
faceList
bedgeIdList
bNodeIdList
finsihed deleting boundary stuff
deleting newtons homies
finished deleting newtons homies
deleting CG
FINSIHED deleting CG
FINISHED In destructor
In destructor MSS
edgeList
pntList
faceList
bedgeIdList
bNodeIdList
finsihed deleting boundary stuff
deleting newtons homies
finished deleting newtons homies
deleting CG
FINSIHED deleting CG
FINISHED In destructor
In destructor MSS
edgeList
pntList
faceList
bedgeIdList
bNodeIdList
finsihed deleting boundary stuff
deleting newtons homies
finished deleting newtons homies
deleting CG
FINSIHED deleting CG
FINISHED In destructor
compile_and_run.sh: line 3:  1969 Segmentation fault      (core dumped) ./fluidsolver3d.exe Q2ManyObject3D 0
Traceback (most recent call last):
  File "plot3D.py", line 1, in <module>
    import plotly.graph_objects as go
ModuleNotFoundError: No module named 'plotly'
