====================================
Functions available:

create_test()
grid_scale_test()
obj_scale_test()
full_scale_test()
run_scale_experiment()
run_obj_scale_experiment()
create_scale_plot()
run_solver()
exit()

====================================
call function() = test name = dimension = ['./TestDrivers/2DDrivers/ObjScaleTestRadius0.078', './TestDrivers/2DDrivers/ObjScaleTestRadius0.31', './TestDrivers/2DDrivers/ObjScaleTestRadius0.16', './TestDrivers/2DDrivers/ObjScaleTestRadius0.62', './TestDrivers/2DDrivers/ObjScaleTestRadius1.2']
['ObjScaleTestRadius0.078', 'ObjScaleTestRadius0.31', 'ObjScaleTestRadius0.16', 'ObjScaleTestRadius0.62', 'ObjScaleTestRadius1.2']
Traceback (most recent call last):
  File "experiments.py", line 669, in <module>
    eval(mode)
  File "<string>", line 1, in <module>
  File "experiments.py", line 564, in run_obj_scale_experiment
    num_list = np.argsort([float(file[len(testName):]) for file in inputFiles])
  File "experiments.py", line 564, in <listcomp>
    num_list = np.argsort([float(file[len(testName):]) for file in inputFiles])
ValueError: could not convert string to float: 'Radius0.078'
