====================================
Functions available:

create_test()
grid_scale_test()
obj_scale_test()
full_scale_test()
run_scale_experiment()
run_obj_scale_experiment()
create_scale_plot()
run_solver()
exit()

====================================
call function() = test name = dimension = g++ -Wall -std=c++17 -I../src -I./lib/eigen/ -I./lib/nanoflann/include/ -O3 main_from_txt.cpp src/2DSolver/PressureSolver.cpp src/2DSolver/MomentumSolver2D.cpp src/2DSolver/KDPointCloud.cpp src/2DSolver/MassSpring2D.cpp src/2DSolver/Boundary.cpp src/2DSolver/SolidObject.cpp src/2DSolver/SimParams.cpp src/2DSolver/NSSolver.cpp src/2DSolver/ObjectSeeder.cpp src/2DSolver/Pool2D.cpp src/LASolver/accel_class.cpp src/LASolver/MatrixIter.cpp src/LASolver/rcm.cpp src/LASolver/SparseItUtil.cpp src/LASolver/ILU_class.cpp src/Utils/GridValComparator.cpp src/Utils/Assembly.cpp src/Utils/GridVal2D.cpp src/Utils/GridVal3D.cpp src/Utils/SolidParams.cpp src/Utils/TestFormatter.cpp src/Utils/ADMMPG.cpp -o fluidsolver2d.exe
src/2DSolver/PressureSolver.cpp: In member function ‘void PressureSolver::setUpMatrixStruct(int, int)’:
src/2DSolver/PressureSolver.cpp:87:13: warning: catching polymorphic type ‘class std::bad_alloc’ by value [-Wcatch-value=]
   87 |     } catch(bad_alloc) {
      |             ^~~~~~~~~
src/2DSolver/PressureSolver.cpp:105:13: warning: catching polymorphic type ‘class std::bad_alloc’ by value [-Wcatch-value=]
  105 |     } catch(bad_alloc) {
      |             ^~~~~~~~~
src/2DSolver/PressureSolver.cpp: In member function ‘void PressureSolver::setUpPressureMatrix(Pool2D*)’:
src/2DSolver/PressureSolver.cpp:157:15: warning: variable ‘off’ set but not used [-Wunused-but-set-variable]
  157 |     int i, j, off, offp;
      |               ^~~
src/2DSolver/PressureSolver.cpp:157:20: warning: variable ‘offp’ set but not used [-Wunused-but-set-variable]
  157 |     int i, j, off, offp;
      |                    ^~~~
src/2DSolver/PressureSolver.cpp: In member function ‘void PressureSolver::setUpPressureRHS(double, double**, double**, double**, Pool2D*)’:
src/2DSolver/PressureSolver.cpp:291:13: warning: catching polymorphic type ‘class std::bad_alloc’ by value [-Wcatch-value=]
  291 |     } catch(bad_alloc) {
      |             ^~~~~~~~~
src/2DSolver/PressureSolver.cpp: In member function ‘void PressureSolver::solvePCG(double, Pool2D*, double**, double**, double**, bool, SparseItObj::ParamIter&)’:
src/2DSolver/PressureSolver.cpp:346:11: warning: catching polymorphic type ‘class std::bad_alloc’ by value [-Wcatch-value=]
  346 |     catch(bad_alloc) {
      |           ^~~~~~~~~
src/2DSolver/MassSpring2D.cpp: In copy constructor ‘mass_spring::MassSpring2D::MassSpring2D(const mass_spring::MassSpring2D&)’:
src/2DSolver/MassSpring2D.cpp:73:27: warning: comparison of integer expressions of different signedness: ‘int’ and ‘std::vector<mass_spring::massPoint2D>::size_type’ {aka ‘long unsigned int’} [-Wsign-compare]
   73 |         for (int i = 0; i < 2*pntList->size(); i++) {
      |                         ~~^~~~~~~~~~~~~~~~~~~
src/2DSolver/MassSpring2D.cpp: In constructor ‘mass_spring::MassSpring2D::MassSpring2D(Pool2D&, int, SolidObject&, int, int)’:
src/2DSolver/MassSpring2D.cpp:229:23: warning: comparison of integer expressions of different signedness: ‘int’ and ‘std::vector<mass_spring::massPoint2D>::size_type’ {aka ‘long unsigned int’} [-Wsign-compare]
  229 |     for (int i = 0; i < pntList->size(); i++) {
      |                     ~~^~~~~~~~~~~~~~~~~
src/2DSolver/MassSpring2D.cpp:359:23: warning: comparison of integer expressions of different signedness: ‘int’ and ‘std::vector<mass_spring::massPoint2D>::size_type’ {aka ‘long unsigned int’} [-Wsign-compare]
  359 |     for (int i = 0; i < pntList->size(); i++) {
      |                     ~~^~~~~~~~~~~~~~~~~
src/2DSolver/MassSpring2D.cpp: In member function ‘virtual void mass_spring::MassSpring2D::buildDMatrix()’:
src/2DSolver/MassSpring2D.cpp:445:27: warning: comparison of integer expressions of different signedness: ‘int’ and ‘std::vector<mass_spring::edge2D>::size_type’ {aka ‘long unsigned int’} [-Wsign-compare]
  445 |     for (int col = 0; col < edgeList->size(); col++) {
      |                       ~~~~^~~~~~~~~~~~~~~~~~
src/2DSolver/MassSpring2D.cpp: In member function ‘virtual void mass_spring::MassSpring2D::buildWMatrix(double)’:
src/2DSolver/MassSpring2D.cpp:512:23: warning: comparison of integer expressions of different signedness: ‘int’ and ‘std::vector<mass_spring::edge2D>::size_type’ {aka ‘long unsigned int’} [-Wsign-compare]
  512 |     for (int i = 0; i < d*edgeList->size(); i++) {
      |                     ~~^~~~~~~~~~~~~~~~~~~~
src/2DSolver/MassSpring2D.cpp: In member function ‘SparseItObj::MatrixIter* mass_spring::MassSpring2D::createStiffnessMatrix()’:
src/2DSolver/MassSpring2D.cpp:598:27: warning: comparison of integer expressions of different signedness: ‘int’ and ‘std::vector<mass_spring::massPoint2D>::size_type’ {aka ‘long unsigned int’} [-Wsign-compare]
  598 |         for (int i = 0; i < pntList->size(); i++) {
      |                         ~~^~~~~~~~~~~~~~~~~
src/2DSolver/MassSpring2D.cpp:628:13: warning: catching polymorphic type ‘class std::bad_alloc’ by value [-Wcatch-value=]
  628 |     } catch(bad_alloc) {
      |             ^~~~~~~~~
src/2DSolver/MassSpring2D.cpp:646:13: warning: catching polymorphic type ‘class std::bad_alloc’ by value [-Wcatch-value=]
  646 |     } catch(bad_alloc) {
      |             ^~~~~~~~~
src/2DSolver/MassSpring2D.cpp: In member function ‘double mass_spring::MassSpring2D::closestBoundaryDist(double*)’:
src/2DSolver/MassSpring2D.cpp:714:23: warning: comparison of integer expressions of different signedness: ‘int’ and ‘std::vector<int>::size_type’ {aka ‘long unsigned int’} [-Wsign-compare]
  714 |     for (int i = 0; i < boundaryEdgeIdList->size(); i++) {
      |                     ~~^~~~~~~~~~~~~~~~~~~~~~~~~~~~
src/2DSolver/MassSpring2D.cpp: In member function ‘double mass_spring::MassSpring2D::closestBoundaryPnt(double*, double*)’:
src/2DSolver/MassSpring2D.cpp:739:23: warning: comparison of integer expressions of different signedness: ‘int’ and ‘std::vector<int>::size_type’ {aka ‘long unsigned int’} [-Wsign-compare]
  739 |     for (int i = 0; i < boundaryEdgeIdList->size(); i++) {
      |                     ~~^~~~~~~~~~~~~~~~~~~~~~~~~~~~
src/2DSolver/MassSpring2D.cpp: In member function ‘void mass_spring::MassSpring2D::interpFaceVels(double*, double*)’:
src/2DSolver/MassSpring2D.cpp:773:23: warning: comparison of integer expressions of different signedness: ‘int’ and ‘std::vector<int>::size_type’ {aka ‘long unsigned int’} [-Wsign-compare]
  773 |     for (int i = 0; i < boundaryEdgeIdList->size(); i++) {
      |                     ~~^~~~~~~~~~~~~~~~~~~~~~~~~~~~
src/2DSolver/MassSpring2D.cpp: In member function ‘void mass_spring::MassSpring2D::applyBoundaryForces(Pool2D&, double***, int, double*, double*)’:
src/2DSolver/MassSpring2D.cpp:1125:25: warning: comparison of integer expressions of different signedness: ‘int’ and ‘std::vector<mass_spring::massPoint2D>::size_type’ {aka ‘long unsigned int’} [-Wsign-compare]
 1125 |     for (int id = 0; id < pntList->size(); id++) {
      |                      ~~~^~~~~~~~~~~~~~~~~
src/2DSolver/MassSpring2D.cpp: In member function ‘void mass_spring::MassSpring2D::eulerSolve(double, int, bool)’:
src/2DSolver/MassSpring2D.cpp:1390:23: warning: comparison of integer expressions of different signedness: ‘int’ and ‘std::vector<mass_spring::massPoint2D>::size_type’ {aka ‘long unsigned int’} [-Wsign-compare]
 1390 |     for (int i = 0; i < pntList->size(); i++) {
      |                     ~~^~~~~~~~~~~~~~~~~
src/2DSolver/MassSpring2D.cpp: In member function ‘void mass_spring::MassSpring2D::linearImplicitSolve(double, int, bool)’:
src/2DSolver/MassSpring2D.cpp:1428:23: warning: comparison of integer expressions of different signedness: ‘int’ and ‘std::vector<mass_spring::massPoint2D>::size_type’ {aka ‘long unsigned int’} [-Wsign-compare]
 1428 |     for (int r = 0; r < 2*pntList->size(); r++) {
      |                     ~~^~~~~~~~~~~~~~~~~~~
src/2DSolver/MassSpring2D.cpp:1463:23: warning: comparison of integer expressions of different signedness: ‘int’ and ‘std::vector<mass_spring::massPoint2D>::size_type’ {aka ‘long unsigned int’} [-Wsign-compare]
 1463 |     for (int r = 0; r < 2*pntList->size(); r++) {
      |                     ~~^~~~~~~~~~~~~~~~~~~
src/2DSolver/MassSpring2D.cpp:1479:23: warning: comparison of integer expressions of different signedness: ‘int’ and ‘std::vector<mass_spring::massPoint2D>::size_type’ {aka ‘long unsigned int’} [-Wsign-compare]
 1479 |     for (int i = 0; i < 2*pntList->size(); i++) {
      |                     ~~^~~~~~~~~~~~~~~~~~~
src/2DSolver/MassSpring2D.cpp:1502:11: warning: catching polymorphic type ‘class std::bad_alloc’ by value [-Wcatch-value=]
 1502 |     catch(bad_alloc) {
      |           ^~~~~~~~~
src/2DSolver/MassSpring2D.cpp: In member function ‘void mass_spring::MassSpring2D::verletSolve(double, int, bool)’:
src/2DSolver/MassSpring2D.cpp:1558:23: warning: comparison of integer expressions of different signedness: ‘int’ and ‘std::vector<mass_spring::massPoint2D>::size_type’ {aka ‘long unsigned int’} [-Wsign-compare]
 1558 |     for (int i = 0; i < pntList->size(); i++) {
      |                     ~~^~~~~~~~~~~~~~~~~
src/2DSolver/MassSpring2D.cpp: In member function ‘void mass_spring::MassSpring2D::applyBodyForces()’:
src/2DSolver/MassSpring2D.cpp:1606:25: warning: comparison of integer expressions of different signedness: ‘int’ and ‘std::vector<mass_spring::massPoint2D>::size_type’ {aka ‘long unsigned int’} [-Wsign-compare]
 1606 |     for (int id = 0; id < pntList->size(); id++) {
      |                      ~~~^~~~~~~~~~~~~~~~~
src/2DSolver/MassSpring2D.cpp: In member function ‘void mass_spring::MassSpring2D::updateSolidVels(double, Pool2D&, double***, double*, int, bool)’:
src/2DSolver/MassSpring2D.cpp:1654:23: warning: comparison of integer expressions of different signedness: ‘int’ and ‘std::vector<mass_spring::massPoint2D>::size_type’ {aka ‘long unsigned int’} [-Wsign-compare]
 1654 |     for (int i = 0; i < pntList->size(); i++) {
      |                     ~~^~~~~~~~~~~~~~~~~
src/2DSolver/MassSpring2D.cpp:1671:23: warning: comparison of integer expressions of different signedness: ‘int’ and ‘std::vector<mass_spring::massPoint2D>::size_type’ {aka ‘long unsigned int’} [-Wsign-compare]
 1671 |     for (int i = 0; i < pntList->size(); i++) {
      |                     ~~^~~~~~~~~~~~~~~~~
src/2DSolver/MassSpring2D.cpp: In member function ‘void mass_spring::MassSpring2D::reset()’:
src/2DSolver/MassSpring2D.cpp:1699:23: warning: comparison of integer expressions of different signedness: ‘int’ and ‘std::vector<mass_spring::massPoint2D>::size_type’ {aka ‘long unsigned int’} [-Wsign-compare]
 1699 |     for (int i = 0; i < pntList->size(); i++) {
      |                     ~~^~~~~~~~~~~~~~~~~
src/2DSolver/MassSpring2D.cpp: In member function ‘void mass_spring::MassSpring2D::updateSolidLocs(Pool2D&, bool)’:
src/2DSolver/MassSpring2D.cpp:1761:27: warning: comparison of integer expressions of different signedness: ‘int’ and ‘std::vector<mass_spring::massPoint2D>::size_type’ {aka ‘long unsigned int’} [-Wsign-compare]
 1761 |         for (int i = 0; i < 2*pntList->size(); i++) {
      |                         ~~^~~~~~~~~~~~~~~~~~~
src/2DSolver/MassSpring2D.cpp:1765:27: warning: comparison of integer expressions of different signedness: ‘int’ and ‘std::vector<mass_spring::massPoint2D>::size_type’ {aka ‘long unsigned int’} [-Wsign-compare]
 1765 |         for (int i = 0; i < pntList->size(); i++) {
      |                         ~~^~~~~~~~~~~~~~~~~
src/2DSolver/MassSpring2D.cpp:1773:27: warning: comparison of integer expressions of different signedness: ‘int’ and ‘std::vector<mass_spring::massPoint2D>::size_type’ {aka ‘long unsigned int’} [-Wsign-compare]
 1773 |         for (int i = 0; i < pntList->size(); i++) {
      |                         ~~^~~~~~~~~~~~~~~~~
src/2DSolver/MassSpring2D.cpp: In member function ‘virtual void mass_spring::MassSpring2D::prox(double, Eigen::VectorXd&, Eigen::VectorXd&, Eigen::VectorXd&)’:
src/2DSolver/MassSpring2D.cpp:1840:23: warning: comparison of integer expressions of different signedness: ‘int’ and ‘std::vector<mass_spring::edge2D>::size_type’ {aka ‘long unsigned int’} [-Wsign-compare]
 1840 |     for (int i = 0; i < edgeList->size(); i++) {
      |                     ~~^~~~~~~~~~~~~~~~~~
src/2DSolver/MassSpring2D.cpp: In member function ‘void mass_spring::MassSpring2D::computeCollisionStress(int, double*, double)’:
src/2DSolver/MassSpring2D.cpp:974:12: warning: ‘intStress[0]’ may be used uninitialized in this function [-Wmaybe-uninitialized]
  974 |     double intStress[2];
      |            ^~~~~~~~~
src/2DSolver/MassSpring2D.cpp:974:12: warning: ‘intStress[1]’ may be used uninitialized in this function [-Wmaybe-uninitialized]
src/2DSolver/MassSpring2D.cpp: In member function ‘void mass_spring::MassSpring2D::updateSolidVels(double, Pool2D&, double***, double*, int, bool)’:
src/2DSolver/MassSpring2D.cpp:1687:26: warning: ‘temp’ may be used uninitialized in this function [-Wmaybe-uninitialized]
 1687 |         this->updateMode = temp;
      |         ~~~~~~~~~~~~~~~~~^~~~~~
src/2DSolver/NSSolver.cpp: In member function ‘double NSSolver::eno_uvx(int, int)’:
src/2DSolver/NSSolver.cpp:469:12: warning: variable ‘xSten’ set but not used [-Wunused-but-set-variable]
  469 |     double xSten[7] = {0};
      |            ^~~~~
src/2DSolver/NSSolver.cpp: In member function ‘double NSSolver::eno_uvy(int, int)’:
src/2DSolver/NSSolver.cpp:550:10: warning: variable ‘sten’ set but not used [-Wunused-but-set-variable]
  550 |     bool sten[7] = {false, false, false, false, false, false, false};
      |          ^~~~
src/2DSolver/NSSolver.cpp:560:12: warning: variable ‘xSten’ set but not used [-Wunused-but-set-variable]
  560 |     double xSten[7] = {0};
      |            ^~~~~
src/2DSolver/NSSolver.cpp: In member function ‘void NSSolver::interpolateCellCenterVelocities(int, int, double*)’:
src/2DSolver/NSSolver.cpp:630:12: warning: variable ‘x’ set but not used [-Wunused-but-set-variable]
  630 |     double x, y;
      |            ^
src/2DSolver/NSSolver.cpp:630:15: warning: variable ‘y’ set but not used [-Wunused-but-set-variable]
  630 |     double x, y;
      |               ^
src/2DSolver/ObjectSeeder.cpp: In member function ‘std::vector<SolidObject> ObjectSeeder::randomInitialize(int, SolidObject::ObjectType, double, double, Boundary&, double (*)(double, double, SolidParams&), SolidParams&)’:
src/2DSolver/ObjectSeeder.cpp:138:23: warning: comparison of integer expressions of different signedness: ‘int’ and ‘std::vector<Eigen::Matrix<double, 2, 1> >::size_type’ {aka ‘long unsigned int’} [-Wsign-compare]
  138 |     for (int i = 0; i < circs.size(); i++) {
      |                     ~~^~~~~~~~~~~~~~
src/2DSolver/Pool2D.cpp: In member function ‘void Pool2D::fastMarchSetNVal(int, int, bool, int)’:
src/2DSolver/Pool2D.cpp:128:9: warning: variable ‘path’ set but not used [-Wunused-but-set-variable]
  128 |     int path;
      |         ^~~~
src/2DSolver/Pool2D.cpp: In member function ‘void Pool2D::detectCollisions()’:
src/2DSolver/Pool2D.cpp:645:35: warning: comparison of integer expressions of different signedness: ‘int’ and ‘std::vector<int>::size_type’ {aka ‘long unsigned int’} [-Wsign-compare]
  645 |                 for (int i = 0; i < nearestMss.size(); i++) {
      |                                 ~~^~~~~~~~~~~~~~~~~~~
src/2DSolver/Pool2D.cpp:610:13: warning: variable ‘nMatches’ set but not used [-Wunused-but-set-variable]
  610 |         int nMatches;
      |             ^~~~~~~~
src/2DSolver/Pool2D.cpp: In member function ‘void Pool2D::levelSetGradient(int, int, double*)’:
src/2DSolver/Pool2D.cpp:1553:12: warning: variable ‘phi_min’ set but not used [-Wunused-but-set-variable]
 1553 |     double phi_min;
      |            ^~~~~~~
src/2DSolver/Pool2D.cpp: In member function ‘double Pool2D::velocityExtrapolationRHS_ENO3(int, int, double*, double*, double*, double*)’:
src/2DSolver/Pool2D.cpp:1622:20: warning: variable ‘h’ set but not used [-Wunused-but-set-variable]
 1622 |     double hx, hy, h;
      |                    ^
src/2DSolver/Pool2D.cpp: In member function ‘void Pool2D::updatePoolVelocities(double, double**, double**, double**, int)’:
src/2DSolver/Pool2D.cpp:2057:35: warning: comparison of integer expressions of different signedness: ‘int’ and ‘std::vector<mass_spring::massPoint2D>::size_type’ {aka ‘long unsigned int’} [-Wsign-compare]
 2057 |                 for (int k = 0; k < solids->at(i).pntList->size(); k++) {
      |                                 ~~^~~~~~~~~~~~~~~~~~~~~~~~~~~~~~~
src/2DSolver/Pool2D.cpp: In member function ‘void Pool2D::outputAllStructures(const char*)’:
src/2DSolver/Pool2D.cpp:2364:23: warning: comparison of integer expressions of different signedness: ‘int’ and ‘std::vector<mass_spring::MassSpring2D>::size_type’ {aka ‘long unsigned int’} [-Wsign-compare]
 2364 |     for (int i = 0; i < solids->size(); i++) {
      |                     ~~^~~~~~~~~~~~~~~~
src/2DSolver/Pool2D.cpp: In member function ‘void Pool2D::outputAllStructureNodes(const char*)’:
src/2DSolver/Pool2D.cpp:2378:23: warning: comparison of integer expressions of different signedness: ‘int’ and ‘std::vector<mass_spring::MassSpring2D>::size_type’ {aka ‘long unsigned int’} [-Wsign-compare]
 2378 |     for (int i = 0; i < solids->size(); i++) {
      |                     ~~^~~~~~~~~~~~~~~~
src/2DSolver/Pool2D.cpp: In member function ‘void Pool2D::outputAllStructureVels(const char*)’:
src/2DSolver/Pool2D.cpp:2393:23: warning: comparison of integer expressions of different signedness: ‘int’ and ‘std::vector<mass_spring::MassSpring2D>::size_type’ {aka ‘long unsigned int’} [-Wsign-compare]
 2393 |     for (int i = 0; i < solids->size(); i++) {
      |                     ~~^~~~~~~~~~~~~~~~
src/2DSolver/Pool2D.cpp: In member function ‘bool Pool2D::isNormalInterface(objects::FSIObject)’:
src/2DSolver/Pool2D.cpp:2450:56: warning: enum constant in boolean context [-Wint-in-bool-context]
 2450 |                 || obj == objects::FLUID_E || objects::FLUID_W;
      |                                                        ^~~~~~~
src/2DSolver/Pool2D.cpp: In member function ‘void Pool2D::embedShape(SolidObject&, int)’:
src/2DSolver/Pool2D.cpp:1100:83: warning: ‘min_y’ may be used uninitialized in this function [-Wmaybe-uninitialized]
 1100 |         this->tracers[structNum].y = simutils::midpoint(this->y[min_y-1], this->y[min_y]);
      |                                                                                   ^~~~~
src/2DSolver/Pool2D.cpp:1099:83: warning: ‘min_x’ may be used uninitialized in this function [-Wmaybe-uninitialized]
 1099 |         this->tracers[structNum].x = simutils::midpoint(this->x[min_x-1], this->x[min_x]);
      |                                                                                   ^~~~~
src/LASolver/accel_class.cpp: In constructor ‘SparseItObj::scaler_orthomin::scaler_orthomin(int, double*, int)’:
src/LASolver/accel_class.cpp:62:16: warning: catching polymorphic type ‘class std::bad_alloc’ by value [-Wcatch-value=]
   62 |     catch(std::bad_alloc) {
      |                ^~~~~~~~~
src/LASolver/ILU_class.cpp: In member function ‘void SparseItObj::scaler_ILU::sfac2(const int*, const int*, int, int*, int*)’:
src/LASolver/ILU_class.cpp:171:14: warning: catching polymorphic type ‘class std::bad_alloc’ by value [-Wcatch-value=]
  171 |   catch(std::bad_alloc){// catch
      |              ^~~~~~~~~
src/LASolver/ILU_class.cpp:135:7: warning: variable ‘itemp’ set but not used [-Wunused-but-set-variable]
  135 |   int itemp, nrow;
      |       ^~~~~
src/LASolver/ILU_class.cpp: In member function ‘void SparseItObj::scaler_ILU::factor(const int*, const int*, const double*)’:
src/LASolver/ILU_class.cpp:356:14: warning: catching polymorphic type ‘class std::bad_alloc’ by value [-Wcatch-value=]
  356 |   catch(std::bad_alloc){// catch block
      |              ^~~~~~~~~
src/LASolver/ILU_class.cpp: In member function ‘void SparseItObj::scaler_ILU::facdrp(const int*, const int*, double*, double, int*, int*)’:
src/LASolver/ILU_class.cpp:699:11: warning: variable ‘itemp’ set but not used [-Wunused-but-set-variable]
  699 |       int itemp, nrow;
      |           ^~~~~
src/LASolver/ILU_class.cpp: In member function ‘void SparseItObj::scaler_ILU::merged(int, int*, int, double*, double, double*)’:
src/LASolver/ILU_class.cpp:640:29: warning: ‘drop_temp’ may be used uninitialized in this function [-Wmaybe-uninitialized]
  640 |                        test =  drop_temp *
      |                        ~~~~~^~~~~~~~~~~~~~
  641 |                             odiag[ rowsp[row].jaf[ii] ] ;
      |                             ~~~~~~~~~~~~~~~~~~~~~~~~~~~
src/LASolver/ILU_class.cpp:644:17: warning: ‘test’ may be used uninitialized in this function [-Wmaybe-uninitialized]
  644 |                 if( fabs( temp) > test){
      |                 ^~
src/LASolver/ILU_class.cpp: In member function ‘void SparseItObj::scaler_ILU::elimrow(int, double*, double*, int*, int&, int&, int*, int*, double)’:
src/LASolver/ILU_class.cpp:1503:21: warning: ‘test’ may be used uninitialized in this function [-Wmaybe-uninitialized]
 1503 |                     if( fabs(temp) > test ){ // insert new entry
      |                     ^~
src/LASolver/ILU_class.cpp:1494:29: warning: ‘drop_temp’ may be used uninitialized in this function [-Wmaybe-uninitialized]
 1494 |                        test =  drop_temp *
      |                        ~~~~~^~~~~~~~~~~~~~
 1495 |                             odiag[ invord[ rowsp[row].jaf[ii] ]  ] ;
      |                             ~~~~~~~~~~~~~~~~~~~~~~~~~~~~~~~~~~~~~~
xa = 0, xb = 5
ya = 0, yb = 10
nx = 40, ny = 80
u = 0, v = -0.1
re = 1000
useEno = 1
bctype = downDirFlowBC
tEnd = 100
num_objects 1
objFunc coneShapeFun
objType 1
u0 0
v0 -0.1
Number of objects = 1
collisionDist = 0.421875
Creating the solver
MODE 2 RUNNING... FOUND 0
hi
Solved pressure in 11
Mean pressure (sorta) 2.54352e-07MODE 2 RUNNING... FOUND 0
t = 0.625
step = 1

Solved pressure in 12
Mean pressure (sorta) 9.71196e-05MODE 2 RUNNING... FOUND 0
t = 1.19733
step = 2

Solved pressure in 12
Mean pressure (sorta) 0.00102312MODE 2 RUNNING... FOUND 0
t = 1.72942
step = 3

Solved pressure in 13
Mean pressure (sorta) 0.00187628MODE 2 RUNNING... FOUND 0
t = 2.24521
step = 4

Solved pressure in 14
Mean pressure (sorta) 0.00171121MODE 2 RUNNING... FOUND 0
t = 2.75518
step = 5

Solved pressure in 14
Mean pressure (sorta) 0.00215062MODE 2 RUNNING... FOUND 0
t = 3.24092
step = 6

Solved pressure in 14
Mean pressure (sorta) 0.00257106MODE 2 RUNNING... FOUND 0
t = 3.70621
step = 7

Solved pressure in 14
Mean pressure (sorta) 0.00318953MODE 2 RUNNING... FOUND 0
t = 4.14075
step = 8

Solved pressure in 13
Mean pressure (sorta) 0.00334546MODE 2 RUNNING... FOUND 0
t = 4.57413
step = 9

Solved pressure in 13
Mean pressure (sorta) 0.00434051MODE 2 RUNNING... FOUND 0
t = 5.02125
step = 10

Solved pressure in 13
Mean pressure (sorta) 0.00526199MODE 2 RUNNING... FOUND 0
t = 5.47024
step = 11

Solved pressure in 12
Mean pressure (sorta) 0.00415874MODE 2 RUNNING... FOUND 0
t = 5.90685
step = 12

Solved pressure in 12
Mean pressure (sorta) 0.00534148MODE 2 RUNNING... FOUND 0
t = 6.33749
step = 13

Solved pressure in 13
Mean pressure (sorta) 0.00571641MODE 2 RUNNING... FOUND 0
t = 6.78662
step = 14

Solved pressure in 12
Mean pressure (sorta) 0.00533575MODE 2 RUNNING... FOUND 0
t = 7.25855
step = 15

Solved pressure in 13
Mean pressure (sorta) 0.00544599MODE 2 RUNNING... FOUND 0
t = 7.75769
step = 16

Solved pressure in 13
Mean pressure (sorta) 0.00514884MODE 2 RUNNING... FOUND 0
t = 8.2723
step = 17

Solved pressure in 12
Mean pressure (sorta) 0.00498624MODE 2 RUNNING... FOUND 0
t = 8.78751
step = 18

Solved pressure in 14
Mean pressure (sorta) 0.00478165MODE 2 RUNNING... FOUND 0
t = 9.30493
step = 19

Solved pressure in 12
Mean pressure (sorta) 0.00476324MODE 2 RUNNING... FOUND 0
t = 9.8203
step = 20

Solved pressure in 13
Mean pressure (sorta) 0.00482202MODE 2 RUNNING... FOUND 0
t = 10.333
step = 21

Solved pressure in 13
Mean pressure (sorta) 0.00491393MODE 2 RUNNING... FOUND 0
t = 10.8459
step = 22

Solved pressure in 12
Mean pressure (sorta) 0.00497425MODE 2 RUNNING... FOUND 0
t = 11.3606
step = 23

Solved pressure in 12
Mean pressure (sorta) 0.00516667MODE 2 RUNNING... FOUND 0
t = 11.8731
step = 24

Solved pressure in 13
Mean pressure (sorta) 0.00519907MODE 2 RUNNING... FOUND 0
t = 12.3852
step = 25

Solved pressure in 12
Mean pressure (sorta) 0.00523589MODE 2 RUNNING... FOUND 0
t = 12.8904
step = 26

Solved pressure in 12
Mean pressure (sorta) 0.00512263MODE 2 RUNNING... FOUND 0
t = 13.3942
step = 27

Solved pressure in 13
Mean pressure (sorta) 0.00501519MODE 2 RUNNING... FOUND 0
t = 13.8903
step = 28

Solved pressure in 12
Mean pressure (sorta) 0.00497756MODE 2 RUNNING... FOUND 0
t = 14.3849
step = 29

Solved pressure in 13
Mean pressure (sorta) 0.00485429MODE 2 RUNNING... FOUND 0
t = 14.8809
step = 30

Solved pressure in 13
Mean pressure (sorta) 0.00473813MODE 2 RUNNING... FOUND 0
t = 15.3742
step = 31

Solved pressure in 13
Mean pressure (sorta) 0.00471221MODE 2 RUNNING... FOUND 0
t = 15.8705
step = 32

Solved pressure in 13
Mean pressure (sorta) 0.00465701MODE 2 RUNNING... FOUND 0
t = 16.3617
step = 33

Solved pressure in 13
Mean pressure (sorta) 0.00465349MODE 2 RUNNING... FOUND 0
t = 16.8535
step = 34

Solved pressure in 13
Mean pressure (sorta) 0.00466043MODE 2 RUNNING... FOUND 0
t = 17.3403
step = 35

Solved pressure in 13
Mean pressure (sorta) 0.00475175MODE 2 RUNNING... FOUND 0
t = 17.8189
step = 36

Solved pressure in 13
Mean pressure (sorta) 0.00479417MODE 2 RUNNING... FOUND 0
t = 18.3038
step = 37

Solved pressure in 13
Mean pressure (sorta) 0.00487557MODE 2 RUNNING... FOUND 0
t = 18.7871
step = 38

Solved pressure in 13
Mean pressure (sorta) 0.00486252MODE 2 RUNNING... FOUND 0
t = 19.2794
step = 39

Solved pressure in 13
Mean pressure (sorta) 0.00482293MODE 2 RUNNING... FOUND 0
t = 19.7693
step = 40

Solved pressure in 13
Mean pressure (sorta) 0.00475614MODE 2 RUNNING... FOUND 0
t = 20.2613
step = 41

Solved pressure in 13
Mean pressure (sorta) 0.00473602MODE 2 RUNNING... FOUND 0
t = 20.7484
step = 42

Solved pressure in 12
Mean pressure (sorta) 0.00487064MODE 2 RUNNING... FOUND 0
t = 21.2298
step = 43

Solved pressure in 13
Mean pressure (sorta) 0.00485214MODE 2 RUNNING... FOUND 0
t = 21.7091
step = 44

Solved pressure in 14
Mean pressure (sorta) 0.00489775MODE 2 RUNNING... FOUND 0
t = 22.1823
step = 45

Solved pressure in 12
Mean pressure (sorta) 0.00495058MODE 2 RUNNING... FOUND 0
t = 22.6578
step = 46

Solved pressure in 13
Mean pressure (sorta) 0.00501657MODE 2 RUNNING... FOUND 0
t = 23.1273
step = 47

Solved pressure in 12
Mean pressure (sorta) 0.0050682MODE 2 RUNNING... FOUND 0
t = 23.5963
step = 48

Solved pressure in 12
Mean pressure (sorta) 0.00517647MODE 2 RUNNING... FOUND 0
t = 24.0588
step = 49

Solved pressure in 14
Mean pressure (sorta) 0.00493686MODE 2 RUNNING... FOUND 0
t = 24.5209
step = 50

Solved pressure in 14
Mean pressure (sorta) 0.00501007MODE 2 RUNNING... FOUND 0
t = 24.9896
step = 51

Solved pressure in 14
Mean pressure (sorta) 0.00512342MODE 2 RUNNING... FOUND 0
t = 25.4549
step = 52

Solved pressure in 12
Mean pressure (sorta) 0.00520848MODE 2 RUNNING... FOUND 0
t = 25.9245
step = 53

Solved pressure in 13
Mean pressure (sorta) 0.00504733MODE 2 RUNNING... FOUND 0
t = 26.3925
step = 54

Solved pressure in 13
Mean pressure (sorta) 0.0050681MODE 2 RUNNING... FOUND 0
t = 26.8593
step = 55

Solved pressure in 13
Mean pressure (sorta) 0.00522123MODE 2 RUNNING... FOUND 0
t = 27.3267
step = 56

Solved pressure in 12
Mean pressure (sorta) 0.00516962MODE 2 RUNNING... FOUND 0
t = 27.7888
step = 57

Solved pressure in 12
Mean pressure (sorta) 0.00527474MODE 2 RUNNING... FOUND 0
t = 28.2512
step = 58

Solved pressure in 12
Mean pressure (sorta) 0.00553371MODE 2 RUNNING... FOUND 0
t = 28.7077
step = 59

Solved pressure in 13
Mean pressure (sorta) 0.00556391MODE 2 RUNNING... FOUND 0
t = 29.1613
step = 60

Solved pressure in 12
Mean pressure (sorta) 0.00626238MODE 2 RUNNING... FOUND 0
t = 29.6085
step = 61

Solved pressure in 13
Mean pressure (sorta) 0.00602555MODE 2 RUNNING... FOUND 0
t = 30.0584
step = 62

Solved pressure in 13
Mean pressure (sorta) 0.00614365MODE 2 RUNNING... FOUND 0
t = 30.5133
step = 63

Solved pressure in 13
Mean pressure (sorta) 0.00598118MODE 2 RUNNING... FOUND 0
t = 30.9681
step = 64

Solved pressure in 13
Mean pressure (sorta) 0.00594911MODE 2 RUNNING... FOUND 0
t = 31.4282
step = 65

Solved pressure in 13
Mean pressure (sorta) 0.00621274MODE 2 RUNNING... FOUND 0
t = 31.8841
step = 66

Solved pressure in 12
Mean pressure (sorta) 0.0060696MODE 2 RUNNING... FOUND 0
t = 32.3317
step = 67

Solved pressure in 13
Mean pressure (sorta) 0.00661492MODE 2 RUNNING... FOUND 0
t = 32.7801
step = 68

Solved pressure in 12
Mean pressure (sorta) 0.00642855MODE 2 RUNNING... FOUND 0
t = 33.2252
step = 69

Solved pressure in 13
Mean pressure (sorta) 0.00646162MODE 2 RUNNING... FOUND 0
t = 33.6698
step = 70

Solved pressure in 12
Mean pressure (sorta) 0.0063539MODE 2 RUNNING... FOUND 0
t = 34.1155
step = 71

Solved pressure in 13
Mean pressure (sorta) 0.00638539MODE 2 RUNNING... FOUND 0
t = 34.56
step = 72

Solved pressure in 14
Mean pressure (sorta) 0.00678264MODE 2 RUNNING... FOUND 0
t = 35.0005
step = 73

Solved pressure in 14
Mean pressure (sorta) 0.00689039MODE 2 RUNNING... FOUND 0
t = 35.4399
step = 74

Solved pressure in 14
Mean pressure (sorta) 0.00769676MODE 2 RUNNING... FOUND 0
t = 35.8771
step = 75

Solved pressure in 14
Mean pressure (sorta) 0.00757918MODE 2 RUNNING... FOUND 0
t = 36.305
step = 76

Solved pressure in 15
Mean pressure (sorta) 0.00739263MODE 2 RUNNING... FOUND 0
t = 36.7358
step = 77

Solved pressure in 14
Mean pressure (sorta) 0.00729605MODE 2 RUNNING... FOUND 0
t = 37.162
step = 78

Solved pressure in 13
Mean pressure (sorta) 0.00783988MODE 2 RUNNING... FOUND 0
t = 37.5955
step = 79

Solved pressure in 14
Mean pressure (sorta) 0.00796918MODE 2 RUNNING... FOUND 0
t = 38.0258
step = 80

Solved pressure in 14
['./TestDrivers/2DDrivers/ScaleTestTwo80', './TestDrivers/2DDrivers/ScaleTestTwo320', './TestDrivers/2DDrivers/ScaleTestTwo40', './TestDrivers/2DDrivers/ScaleTestTwo1280', './TestDrivers/2DDrivers/ScaleTestTwo640', './TestDrivers/2DDrivers/ScaleTestTwo160']
['ScaleTestTwo80', 'ScaleTestTwo320', 'ScaleTestTwo40', 'ScaleTestTwo1280', 'ScaleTestTwo640', 'ScaleTestTwo160']
Traceback (most recent call last):
  File "experiments.py", line 669, in <module>
    eval(mode)
  File "<string>", line 1, in <module>
  File "experiments.py", line 538, in run_scale_experiment
    start = time.time()
AttributeError: 'float' object has no attribute 'time'
