====================================
Functions available:

create_test()
grid_scale_test()
obj_scale_test()
full_scale_test()
run_scale_experiment()
run_obj_scale_experiment()
create_scale_plot()
run_solver()
exit()

====================================
call function() = evaling run_obj_scale_experiment()
test name = dimension = g++ -Wall -std=c++17 -I../src -I./lib/eigen/ -I./lib/nanoflann/include/ -O3 main_from_txt.cpp src/2DSolver/PressureSolver.cpp src/2DSolver/MomentumSolver2D.cpp src/2DSolver/KDPointCloud.cpp src/2DSolver/MassSpring2D.cpp src/2DSolver/Boundary.cpp src/2DSolver/SolidObject.cpp src/2DSolver/SimParams.cpp src/2DSolver/NSSolver.cpp src/2DSolver/ObjectSeeder.cpp src/2DSolver/Pool2D.cpp src/LASolver/accel_class.cpp src/LASolver/MatrixIter.cpp src/LASolver/rcm.cpp src/LASolver/SparseItUtil.cpp src/LASolver/ILU_class.cpp src/Utils/GridValComparator.cpp src/Utils/Assembly.cpp src/Utils/GridVal2D.cpp src/Utils/GridVal3D.cpp src/Utils/SolidParams.cpp src/Utils/TestFormatter.cpp src/Utils/ADMMPG.cpp -o fluidsolver2d.exe
src/2DSolver/PressureSolver.cpp: In member function ‘void PressureSolver::setUpMatrixStruct(int, int)’:
src/2DSolver/PressureSolver.cpp:87:13: warning: catching polymorphic type ‘class std::bad_alloc’ by value [-Wcatch-value=]
   87 |     } catch(bad_alloc) {
      |             ^~~~~~~~~
src/2DSolver/PressureSolver.cpp:105:13: warning: catching polymorphic type ‘class std::bad_alloc’ by value [-Wcatch-value=]
  105 |     } catch(bad_alloc) {
      |             ^~~~~~~~~
src/2DSolver/PressureSolver.cpp: In member function ‘void PressureSolver::setUpPressureMatrix(Pool2D*)’:
src/2DSolver/PressureSolver.cpp:157:15: warning: variable ‘off’ set but not used [-Wunused-but-set-variable]
  157 |     int i, j, off, offp;
      |               ^~~
src/2DSolver/PressureSolver.cpp:157:20: warning: variable ‘offp’ set but not used [-Wunused-but-set-variable]
  157 |     int i, j, off, offp;
      |                    ^~~~
src/2DSolver/PressureSolver.cpp: In member function ‘void PressureSolver::setUpPressureRHS(double, double**, double**, double**, Pool2D*)’:
src/2DSolver/PressureSolver.cpp:291:13: warning: catching polymorphic type ‘class std::bad_alloc’ by value [-Wcatch-value=]
  291 |     } catch(bad_alloc) {
      |             ^~~~~~~~~
src/2DSolver/PressureSolver.cpp: In member function ‘void PressureSolver::solvePCG(double, Pool2D*, double**, double**, double**, bool, SparseItObj::ParamIter&)’:
src/2DSolver/PressureSolver.cpp:346:11: warning: catching polymorphic type ‘class std::bad_alloc’ by value [-Wcatch-value=]
  346 |     catch(bad_alloc) {
      |           ^~~~~~~~~
src/2DSolver/MassSpring2D.cpp: In copy constructor ‘mass_spring::MassSpring2D::MassSpring2D(const mass_spring::MassSpring2D&)’:
src/2DSolver/MassSpring2D.cpp:73:27: warning: comparison of integer expressions of different signedness: ‘int’ and ‘std::vector<mass_spring::massPoint2D>::size_type’ {aka ‘long unsigned int’} [-Wsign-compare]
   73 |         for (int i = 0; i < 2*pntList->size(); i++) {
      |                         ~~^~~~~~~~~~~~~~~~~~~
src/2DSolver/MassSpring2D.cpp: In constructor ‘mass_spring::MassSpring2D::MassSpring2D(Pool2D&, int, SolidObject&, int, int)’:
src/2DSolver/MassSpring2D.cpp:229:23: warning: comparison of integer expressions of different signedness: ‘int’ and ‘std::vector<mass_spring::massPoint2D>::size_type’ {aka ‘long unsigned int’} [-Wsign-compare]
  229 |     for (int i = 0; i < pntList->size(); i++) {
      |                     ~~^~~~~~~~~~~~~~~~~
src/2DSolver/MassSpring2D.cpp:359:23: warning: comparison of integer expressions of different signedness: ‘int’ and ‘std::vector<mass_spring::massPoint2D>::size_type’ {aka ‘long unsigned int’} [-Wsign-compare]
  359 |     for (int i = 0; i < pntList->size(); i++) {
      |                     ~~^~~~~~~~~~~~~~~~~
src/2DSolver/MassSpring2D.cpp: In member function ‘virtual void mass_spring::MassSpring2D::buildDMatrix()’:
src/2DSolver/MassSpring2D.cpp:445:27: warning: comparison of integer expressions of different signedness: ‘int’ and ‘std::vector<mass_spring::edge2D>::size_type’ {aka ‘long unsigned int’} [-Wsign-compare]
  445 |     for (int col = 0; col < edgeList->size(); col++) {
      |                       ~~~~^~~~~~~~~~~~~~~~~~
src/2DSolver/MassSpring2D.cpp: In member function ‘virtual void mass_spring::MassSpring2D::buildWMatrix(double)’:
src/2DSolver/MassSpring2D.cpp:512:23: warning: comparison of integer expressions of different signedness: ‘int’ and ‘std::vector<mass_spring::edge2D>::size_type’ {aka ‘long unsigned int’} [-Wsign-compare]
  512 |     for (int i = 0; i < d*edgeList->size(); i++) {
      |                     ~~^~~~~~~~~~~~~~~~~~~~
src/2DSolver/MassSpring2D.cpp: In member function ‘SparseItObj::MatrixIter* mass_spring::MassSpring2D::createStiffnessMatrix()’:
src/2DSolver/MassSpring2D.cpp:598:27: warning: comparison of integer expressions of different signedness: ‘int’ and ‘std::vector<mass_spring::massPoint2D>::size_type’ {aka ‘long unsigned int’} [-Wsign-compare]
  598 |         for (int i = 0; i < pntList->size(); i++) {
      |                         ~~^~~~~~~~~~~~~~~~~
src/2DSolver/MassSpring2D.cpp:628:13: warning: catching polymorphic type ‘class std::bad_alloc’ by value [-Wcatch-value=]
  628 |     } catch(bad_alloc) {
      |             ^~~~~~~~~
src/2DSolver/MassSpring2D.cpp:646:13: warning: catching polymorphic type ‘class std::bad_alloc’ by value [-Wcatch-value=]
  646 |     } catch(bad_alloc) {
      |             ^~~~~~~~~
src/2DSolver/MassSpring2D.cpp: In member function ‘double mass_spring::MassSpring2D::closestBoundaryDist(double*)’:
src/2DSolver/MassSpring2D.cpp:714:23: warning: comparison of integer expressions of different signedness: ‘int’ and ‘std::vector<int>::size_type’ {aka ‘long unsigned int’} [-Wsign-compare]
  714 |     for (int i = 0; i < boundaryEdgeIdList->size(); i++) {
      |                     ~~^~~~~~~~~~~~~~~~~~~~~~~~~~~~
src/2DSolver/MassSpring2D.cpp: In member function ‘double mass_spring::MassSpring2D::closestBoundaryPnt(double*, double*)’:
src/2DSolver/MassSpring2D.cpp:739:23: warning: comparison of integer expressions of different signedness: ‘int’ and ‘std::vector<int>::size_type’ {aka ‘long unsigned int’} [-Wsign-compare]
  739 |     for (int i = 0; i < boundaryEdgeIdList->size(); i++) {
      |                     ~~^~~~~~~~~~~~~~~~~~~~~~~~~~~~
src/2DSolver/MassSpring2D.cpp: In member function ‘void mass_spring::MassSpring2D::interpFaceVels(double*, double*)’:
src/2DSolver/MassSpring2D.cpp:773:23: warning: comparison of integer expressions of different signedness: ‘int’ and ‘std::vector<int>::size_type’ {aka ‘long unsigned int’} [-Wsign-compare]
  773 |     for (int i = 0; i < boundaryEdgeIdList->size(); i++) {
      |                     ~~^~~~~~~~~~~~~~~~~~~~~~~~~~~~
src/2DSolver/MassSpring2D.cpp: In member function ‘void mass_spring::MassSpring2D::applyBoundaryForces(Pool2D&, double***, int, double*, double*)’:
src/2DSolver/MassSpring2D.cpp:1125:25: warning: comparison of integer expressions of different signedness: ‘int’ and ‘std::vector<mass_spring::massPoint2D>::size_type’ {aka ‘long unsigned int’} [-Wsign-compare]
 1125 |     for (int id = 0; id < pntList->size(); id++) {
      |                      ~~~^~~~~~~~~~~~~~~~~
src/2DSolver/MassSpring2D.cpp: In member function ‘void mass_spring::MassSpring2D::eulerSolve(double, int, bool)’:
src/2DSolver/MassSpring2D.cpp:1390:23: warning: comparison of integer expressions of different signedness: ‘int’ and ‘std::vector<mass_spring::massPoint2D>::size_type’ {aka ‘long unsigned int’} [-Wsign-compare]
 1390 |     for (int i = 0; i < pntList->size(); i++) {
      |                     ~~^~~~~~~~~~~~~~~~~
src/2DSolver/MassSpring2D.cpp: In member function ‘void mass_spring::MassSpring2D::linearImplicitSolve(double, int, bool)’:
src/2DSolver/MassSpring2D.cpp:1428:23: warning: comparison of integer expressions of different signedness: ‘int’ and ‘std::vector<mass_spring::massPoint2D>::size_type’ {aka ‘long unsigned int’} [-Wsign-compare]
 1428 |     for (int r = 0; r < 2*pntList->size(); r++) {
      |                     ~~^~~~~~~~~~~~~~~~~~~
src/2DSolver/MassSpring2D.cpp:1463:23: warning: comparison of integer expressions of different signedness: ‘int’ and ‘std::vector<mass_spring::massPoint2D>::size_type’ {aka ‘long unsigned int’} [-Wsign-compare]
 1463 |     for (int r = 0; r < 2*pntList->size(); r++) {
      |                     ~~^~~~~~~~~~~~~~~~~~~
src/2DSolver/MassSpring2D.cpp:1479:23: warning: comparison of integer expressions of different signedness: ‘int’ and ‘std::vector<mass_spring::massPoint2D>::size_type’ {aka ‘long unsigned int’} [-Wsign-compare]
 1479 |     for (int i = 0; i < 2*pntList->size(); i++) {
      |                     ~~^~~~~~~~~~~~~~~~~~~
src/2DSolver/MassSpring2D.cpp:1502:11: warning: catching polymorphic type ‘class std::bad_alloc’ by value [-Wcatch-value=]
 1502 |     catch(bad_alloc) {
      |           ^~~~~~~~~
src/2DSolver/MassSpring2D.cpp: In member function ‘void mass_spring::MassSpring2D::verletSolve(double, int, bool)’:
src/2DSolver/MassSpring2D.cpp:1558:23: warning: comparison of integer expressions of different signedness: ‘int’ and ‘std::vector<mass_spring::massPoint2D>::size_type’ {aka ‘long unsigned int’} [-Wsign-compare]
 1558 |     for (int i = 0; i < pntList->size(); i++) {
      |                     ~~^~~~~~~~~~~~~~~~~
src/2DSolver/MassSpring2D.cpp: In member function ‘void mass_spring::MassSpring2D::applyBodyForces()’:
src/2DSolver/MassSpring2D.cpp:1606:25: warning: comparison of integer expressions of different signedness: ‘int’ and ‘std::vector<mass_spring::massPoint2D>::size_type’ {aka ‘long unsigned int’} [-Wsign-compare]
 1606 |     for (int id = 0; id < pntList->size(); id++) {
      |                      ~~~^~~~~~~~~~~~~~~~~
src/2DSolver/MassSpring2D.cpp: In member function ‘void mass_spring::MassSpring2D::updateSolidVels(double, Pool2D&, double***, double*, int, bool)’:
src/2DSolver/MassSpring2D.cpp:1654:23: warning: comparison of integer expressions of different signedness: ‘int’ and ‘std::vector<mass_spring::massPoint2D>::size_type’ {aka ‘long unsigned int’} [-Wsign-compare]
 1654 |     for (int i = 0; i < pntList->size(); i++) {
      |                     ~~^~~~~~~~~~~~~~~~~
src/2DSolver/MassSpring2D.cpp:1671:23: warning: comparison of integer expressions of different signedness: ‘int’ and ‘std::vector<mass_spring::massPoint2D>::size_type’ {aka ‘long unsigned int’} [-Wsign-compare]
 1671 |     for (int i = 0; i < pntList->size(); i++) {
      |                     ~~^~~~~~~~~~~~~~~~~
src/2DSolver/MassSpring2D.cpp: In member function ‘void mass_spring::MassSpring2D::reset()’:
src/2DSolver/MassSpring2D.cpp:1699:23: warning: comparison of integer expressions of different signedness: ‘int’ and ‘std::vector<mass_spring::massPoint2D>::size_type’ {aka ‘long unsigned int’} [-Wsign-compare]
 1699 |     for (int i = 0; i < pntList->size(); i++) {
      |                     ~~^~~~~~~~~~~~~~~~~
src/2DSolver/MassSpring2D.cpp: In member function ‘void mass_spring::MassSpring2D::updateSolidLocs(Pool2D&, bool)’:
src/2DSolver/MassSpring2D.cpp:1761:27: warning: comparison of integer expressions of different signedness: ‘int’ and ‘std::vector<mass_spring::massPoint2D>::size_type’ {aka ‘long unsigned int’} [-Wsign-compare]
 1761 |         for (int i = 0; i < 2*pntList->size(); i++) {
      |                         ~~^~~~~~~~~~~~~~~~~~~
src/2DSolver/MassSpring2D.cpp:1765:27: warning: comparison of integer expressions of different signedness: ‘int’ and ‘std::vector<mass_spring::massPoint2D>::size_type’ {aka ‘long unsigned int’} [-Wsign-compare]
 1765 |         for (int i = 0; i < pntList->size(); i++) {
      |                         ~~^~~~~~~~~~~~~~~~~
src/2DSolver/MassSpring2D.cpp:1773:27: warning: comparison of integer expressions of different signedness: ‘int’ and ‘std::vector<mass_spring::massPoint2D>::size_type’ {aka ‘long unsigned int’} [-Wsign-compare]
 1773 |         for (int i = 0; i < pntList->size(); i++) {
      |                         ~~^~~~~~~~~~~~~~~~~
src/2DSolver/MassSpring2D.cpp: In member function ‘virtual void mass_spring::MassSpring2D::prox(double, Eigen::VectorXd&, Eigen::VectorXd&, Eigen::VectorXd&)’:
src/2DSolver/MassSpring2D.cpp:1840:23: warning: comparison of integer expressions of different signedness: ‘int’ and ‘std::vector<mass_spring::edge2D>::size_type’ {aka ‘long unsigned int’} [-Wsign-compare]
 1840 |     for (int i = 0; i < edgeList->size(); i++) {
      |                     ~~^~~~~~~~~~~~~~~~~~
src/2DSolver/MassSpring2D.cpp: In member function ‘void mass_spring::MassSpring2D::computeCollisionStress(int, double*, double)’:
src/2DSolver/MassSpring2D.cpp:974:12: warning: ‘intStress[0]’ may be used uninitialized in this function [-Wmaybe-uninitialized]
  974 |     double intStress[2];
      |            ^~~~~~~~~
src/2DSolver/MassSpring2D.cpp:974:12: warning: ‘intStress[1]’ may be used uninitialized in this function [-Wmaybe-uninitialized]
src/2DSolver/MassSpring2D.cpp: In member function ‘void mass_spring::MassSpring2D::updateSolidVels(double, Pool2D&, double***, double*, int, bool)’:
src/2DSolver/MassSpring2D.cpp:1687:26: warning: ‘temp’ may be used uninitialized in this function [-Wmaybe-uninitialized]
 1687 |         this->updateMode = temp;
      |         ~~~~~~~~~~~~~~~~~^~~~~~
src/2DSolver/NSSolver.cpp: In member function ‘double NSSolver::eno_uvx(int, int)’:
src/2DSolver/NSSolver.cpp:469:12: warning: variable ‘xSten’ set but not used [-Wunused-but-set-variable]
  469 |     double xSten[7] = {0};
      |            ^~~~~
src/2DSolver/NSSolver.cpp: In member function ‘double NSSolver::eno_uvy(int, int)’:
src/2DSolver/NSSolver.cpp:550:10: warning: variable ‘sten’ set but not used [-Wunused-but-set-variable]
  550 |     bool sten[7] = {false, false, false, false, false, false, false};
      |          ^~~~
src/2DSolver/NSSolver.cpp:560:12: warning: variable ‘xSten’ set but not used [-Wunused-but-set-variable]
  560 |     double xSten[7] = {0};
      |            ^~~~~
src/2DSolver/NSSolver.cpp: In member function ‘void NSSolver::interpolateCellCenterVelocities(int, int, double*)’:
src/2DSolver/NSSolver.cpp:630:12: warning: variable ‘x’ set but not used [-Wunused-but-set-variable]
  630 |     double x, y;
      |            ^
src/2DSolver/NSSolver.cpp:630:15: warning: variable ‘y’ set but not used [-Wunused-but-set-variable]
  630 |     double x, y;
      |               ^
src/2DSolver/ObjectSeeder.cpp: In member function ‘std::vector<SolidObject> ObjectSeeder::randomInitialize(int, SolidObject::ObjectType, double, double, Boundary&, double (*)(double, double, SolidParams&), SolidParams&)’:
src/2DSolver/ObjectSeeder.cpp:138:23: warning: comparison of integer expressions of different signedness: ‘int’ and ‘std::vector<Eigen::Matrix<double, 2, 1> >::size_type’ {aka ‘long unsigned int’} [-Wsign-compare]
  138 |     for (int i = 0; i < circs.size(); i++) {
      |                     ~~^~~~~~~~~~~~~~
src/2DSolver/Pool2D.cpp: In member function ‘void Pool2D::fastMarchSetNVal(int, int, bool, int)’:
src/2DSolver/Pool2D.cpp:128:9: warning: variable ‘path’ set but not used [-Wunused-but-set-variable]
  128 |     int path;
      |         ^~~~
src/2DSolver/Pool2D.cpp: In member function ‘void Pool2D::detectCollisions()’:
src/2DSolver/Pool2D.cpp:645:35: warning: comparison of integer expressions of different signedness: ‘int’ and ‘std::vector<int>::size_type’ {aka ‘long unsigned int’} [-Wsign-compare]
  645 |                 for (int i = 0; i < nearestMss.size(); i++) {
      |                                 ~~^~~~~~~~~~~~~~~~~~~
src/2DSolver/Pool2D.cpp:610:13: warning: variable ‘nMatches’ set but not used [-Wunused-but-set-variable]
  610 |         int nMatches;
      |             ^~~~~~~~
src/2DSolver/Pool2D.cpp: In member function ‘void Pool2D::levelSetGradient(int, int, double*)’:
src/2DSolver/Pool2D.cpp:1553:12: warning: variable ‘phi_min’ set but not used [-Wunused-but-set-variable]
 1553 |     double phi_min;
      |            ^~~~~~~
src/2DSolver/Pool2D.cpp: In member function ‘double Pool2D::velocityExtrapolationRHS_ENO3(int, int, double*, double*, double*, double*)’:
src/2DSolver/Pool2D.cpp:1622:20: warning: variable ‘h’ set but not used [-Wunused-but-set-variable]
 1622 |     double hx, hy, h;
      |                    ^
src/2DSolver/Pool2D.cpp: In member function ‘void Pool2D::updatePoolVelocities(double, double**, double**, double**, int)’:
src/2DSolver/Pool2D.cpp:2057:35: warning: comparison of integer expressions of different signedness: ‘int’ and ‘std::vector<mass_spring::massPoint2D>::size_type’ {aka ‘long unsigned int’} [-Wsign-compare]
 2057 |                 for (int k = 0; k < solids->at(i).pntList->size(); k++) {
      |                                 ~~^~~~~~~~~~~~~~~~~~~~~~~~~~~~~~~
src/2DSolver/Pool2D.cpp: In member function ‘void Pool2D::outputAllStructures(const char*)’:
src/2DSolver/Pool2D.cpp:2364:23: warning: comparison of integer expressions of different signedness: ‘int’ and ‘std::vector<mass_spring::MassSpring2D>::size_type’ {aka ‘long unsigned int’} [-Wsign-compare]
 2364 |     for (int i = 0; i < solids->size(); i++) {
      |                     ~~^~~~~~~~~~~~~~~~
src/2DSolver/Pool2D.cpp: In member function ‘void Pool2D::outputAllStructureNodes(const char*)’:
src/2DSolver/Pool2D.cpp:2378:23: warning: comparison of integer expressions of different signedness: ‘int’ and ‘std::vector<mass_spring::MassSpring2D>::size_type’ {aka ‘long unsigned int’} [-Wsign-compare]
 2378 |     for (int i = 0; i < solids->size(); i++) {
      |                     ~~^~~~~~~~~~~~~~~~
src/2DSolver/Pool2D.cpp: In member function ‘void Pool2D::outputAllStructureVels(const char*)’:
src/2DSolver/Pool2D.cpp:2393:23: warning: comparison of integer expressions of different signedness: ‘int’ and ‘std::vector<mass_spring::MassSpring2D>::size_type’ {aka ‘long unsigned int’} [-Wsign-compare]
 2393 |     for (int i = 0; i < solids->size(); i++) {
      |                     ~~^~~~~~~~~~~~~~~~
src/2DSolver/Pool2D.cpp: In member function ‘bool Pool2D::isNormalInterface(objects::FSIObject)’:
src/2DSolver/Pool2D.cpp:2450:56: warning: enum constant in boolean context [-Wint-in-bool-context]
 2450 |                 || obj == objects::FLUID_E || objects::FLUID_W;
      |                                                        ^~~~~~~
src/2DSolver/Pool2D.cpp: In member function ‘void Pool2D::embedShape(SolidObject&, int)’:
src/2DSolver/Pool2D.cpp:1100:83: warning: ‘min_y’ may be used uninitialized in this function [-Wmaybe-uninitialized]
 1100 |         this->tracers[structNum].y = simutils::midpoint(this->y[min_y-1], this->y[min_y]);
      |                                                                                   ^~~~~
src/2DSolver/Pool2D.cpp:1099:83: warning: ‘min_x’ may be used uninitialized in this function [-Wmaybe-uninitialized]
 1099 |         this->tracers[structNum].x = simutils::midpoint(this->x[min_x-1], this->x[min_x]);
      |                                                                                   ^~~~~
src/LASolver/accel_class.cpp: In constructor ‘SparseItObj::scaler_orthomin::scaler_orthomin(int, double*, int)’:
src/LASolver/accel_class.cpp:62:16: warning: catching polymorphic type ‘class std::bad_alloc’ by value [-Wcatch-value=]
   62 |     catch(std::bad_alloc) {
      |                ^~~~~~~~~
src/LASolver/ILU_class.cpp: In member function ‘void SparseItObj::scaler_ILU::sfac2(const int*, const int*, int, int*, int*)’:
src/LASolver/ILU_class.cpp:171:14: warning: catching polymorphic type ‘class std::bad_alloc’ by value [-Wcatch-value=]
  171 |   catch(std::bad_alloc){// catch
      |              ^~~~~~~~~
src/LASolver/ILU_class.cpp:135:7: warning: variable ‘itemp’ set but not used [-Wunused-but-set-variable]
  135 |   int itemp, nrow;
      |       ^~~~~
src/LASolver/ILU_class.cpp: In member function ‘void SparseItObj::scaler_ILU::factor(const int*, const int*, const double*)’:
src/LASolver/ILU_class.cpp:356:14: warning: catching polymorphic type ‘class std::bad_alloc’ by value [-Wcatch-value=]
  356 |   catch(std::bad_alloc){// catch block
      |              ^~~~~~~~~
src/LASolver/ILU_class.cpp: In member function ‘void SparseItObj::scaler_ILU::facdrp(const int*, const int*, double*, double, int*, int*)’:
src/LASolver/ILU_class.cpp:699:11: warning: variable ‘itemp’ set but not used [-Wunused-but-set-variable]
  699 |       int itemp, nrow;
      |           ^~~~~
src/LASolver/ILU_class.cpp: In member function ‘void SparseItObj::scaler_ILU::merged(int, int*, int, double*, double, double*)’:
src/LASolver/ILU_class.cpp:640:29: warning: ‘drop_temp’ may be used uninitialized in this function [-Wmaybe-uninitialized]
  640 |                        test =  drop_temp *
      |                        ~~~~~^~~~~~~~~~~~~~
  641 |                             odiag[ rowsp[row].jaf[ii] ] ;
      |                             ~~~~~~~~~~~~~~~~~~~~~~~~~~~
src/LASolver/ILU_class.cpp:644:17: warning: ‘test’ may be used uninitialized in this function [-Wmaybe-uninitialized]
  644 |                 if( fabs( temp) > test){
      |                 ^~
src/LASolver/ILU_class.cpp: In member function ‘void SparseItObj::scaler_ILU::elimrow(int, double*, double*, int*, int&, int&, int*, int*, double)’:
src/LASolver/ILU_class.cpp:1503:21: warning: ‘test’ may be used uninitialized in this function [-Wmaybe-uninitialized]
 1503 |                     if( fabs(temp) > test ){ // insert new entry
      |                     ^~
src/LASolver/ILU_class.cpp:1494:29: warning: ‘drop_temp’ may be used uninitialized in this function [-Wmaybe-uninitialized]
 1494 |                        test =  drop_temp *
      |                        ~~~~~^~~~~~~~~~~~~~
 1495 |                             odiag[ invord[ rowsp[row].jaf[ii] ]  ] ;
      |                             ~~~~~~~~~~~~~~~~~~~~~~~~~~~~~~~~~~~~~~
xa = 0, xb = 5
ya = 0, yb = 10
nx = 160, ny = 160
u = 0, v = -0.1
re = 1000
useEno = 1
bctype = downDirFlowBC
tEnd = 20
num_objects 25
objFunc coneShapeFun
objType 1
u0 0
v0 -0.1
objFunc coneShapeFun
objType 1
u0 0
v0 -0.1
objFunc coneShapeFun
objType 1
u0 0
v0 -0.1
objFunc coneShapeFun
objType 1
u0 0
v0 -0.1
objFunc coneShapeFun
objType 1
u0 0
v0 -0.1
objFunc coneShapeFun
objType 1
u0 0
v0 -0.1
objFunc coneShapeFun
objType 1
u0 0
v0 -0.1
objFunc coneShapeFun
objType 1
u0 0
v0 -0.1
objFunc coneShapeFun
objType 1
u0 0
v0 -0.1
objFunc coneShapeFun
objType 1
u0 0
v0 -0.1
objFunc coneShapeFun
objType 1
u0 0
v0 -0.1
objFunc coneShapeFun
objType 1
u0 0
v0 -0.1
objFunc coneShapeFun
objType 1
u0 0
v0 -0.1
objFunc coneShapeFun
objType 1
u0 0
v0 -0.1
objFunc coneShapeFun
objType 1
u0 0
v0 -0.1
objFunc coneShapeFun
objType 1
u0 0
v0 -0.1
objFunc coneShapeFun
objType 1
u0 0
v0 -0.1
objFunc coneShapeFun
objType 1
u0 0
v0 -0.1
objFunc coneShapeFun
objType 1
u0 0
v0 -0.1
objFunc coneShapeFun
objType 1
u0 0
v0 -0.1
objFunc coneShapeFun
objType 1
u0 0
v0 -0.1
objFunc coneShapeFun
objType 1
u0 0
v0 -0.1
objFunc coneShapeFun
objType 1
u0 0
v0 -0.1
objFunc coneShapeFun
objType 1
u0 0
v0 -0.1
objFunc coneShapeFun
objType 1
u0 0
v0 -0.1
Number of objects = 25
collisionDist = 0.105469
Creating the solver
MODE 2 RUNNING... FOUND 0
hi
Solved pressure in 38
Mean pressure (sorta) -0.0117341MODE 2 RUNNING... FOUND 0
t = 0.195312
step = 1

Solved pressure in 34
Mean pressure (sorta) -0.00780765MODE 2 RUNNING... FOUND 0
t = 0.390625
step = 2

Solved pressure in 31
Mean pressure (sorta) -0.00591147MODE 2 RUNNING... FOUND 0
t = 0.558266
step = 3

Solved pressure in 33
Mean pressure (sorta) -0.00428088MODE 2 RUNNING... FOUND 0
t = 0.73948
step = 4

Solved pressure in 32
Mean pressure (sorta) -0.00298318MODE 2 RUNNING... FOUND 0
t = 0.923696
step = 5

Solved pressure in 35
Mean pressure (sorta) -0.00181467MODE 2 RUNNING... FOUND 0
t = 1.11901
step = 6

Solved pressure in 32
Mean pressure (sorta) -0.000579358MODE 2 RUNNING... FOUND 0
t = 1.31432
step = 7

Solved pressure in 33
Mean pressure (sorta) 0.000223069MODE 2 RUNNING... FOUND 0
t = 1.50963
step = 8

Solved pressure in 37
Mean pressure (sorta) 0.000664297MODE 2 RUNNING... FOUND 0
t = 1.70495
step = 9

Solved pressure in 37
Mean pressure (sorta) 0.00102837MODE 2 RUNNING... FOUND 0
t = 1.90026
step = 10

Solved pressure in 38
Mean pressure (sorta) 0.0011737MODE 2 RUNNING... FOUND 0
t = 2.09557
step = 11

Solved pressure in 37
Mean pressure (sorta) 0.00115764MODE 2 RUNNING... FOUND 0
t = 2.29088
step = 12

Solved pressure in 38
Mean pressure (sorta) 0.00112033MODE 2 RUNNING... FOUND 0
t = 2.4862
step = 13

Solved pressure in 41
Mean pressure (sorta) 0.00112532MODE 2 RUNNING... FOUND 0
t = 2.68151
step = 14

Solved pressure in 40
Mean pressure (sorta) 0.00108409MODE 2 RUNNING... FOUND 0
t = 2.87682
step = 15

Solved pressure in 38
Mean pressure (sorta) 0.00115929MODE 2 RUNNING... FOUND 0
t = 3.07213
step = 16

Solved pressure in 36
Mean pressure (sorta) 0.00136622MODE 2 RUNNING... FOUND 0
t = 3.26745
step = 17

Solved pressure in 36
Mean pressure (sorta) 0.00147099MODE 2 RUNNING... FOUND 0
t = 3.46276
step = 18

Solved pressure in 39
Mean pressure (sorta) 0.00157834MODE 2 RUNNING... FOUND 0
t = 3.65807
step = 19

Solved pressure in 39
Mean pressure (sorta) 0.00168759MODE 2 RUNNING... FOUND 0
t = 3.85338
step = 20

Solved pressure in 36
Mean pressure (sorta) 0.00163971MODE 2 RUNNING... FOUND 0
t = 4.0487
step = 21

Solved pressure in 43
Mean pressure (sorta) 0.00158323MODE 2 RUNNING... FOUND 0
t = 4.24401
step = 22

Solved pressure in 37
Mean pressure (sorta) 0.00151668MODE 2 RUNNING... FOUND 0
t = 4.43932
step = 23

Solved pressure in 35
Mean pressure (sorta) 0.00134642MODE 2 RUNNING... FOUND 0
t = 4.63463
step = 24

Solved pressure in 36
Mean pressure (sorta) 0.00120581MODE 2 RUNNING... FOUND 0
t = 4.82995
step = 25

Solved pressure in 39
Mean pressure (sorta) 0.00109995MODE 2 RUNNING... FOUND 0
t = 5.02526
step = 26

Solved pressure in 39
Mean pressure (sorta) 0.00094781MODE 2 RUNNING... FOUND 0
t = 5.22057
step = 27

Solved pressure in 36
Mean pressure (sorta) 0.000838817MODE 2 RUNNING... FOUND 0
t = 5.41588
step = 28

Solved pressure in 36
Mean pressure (sorta) 0.000745985MODE 2 RUNNING... FOUND 0
t = 5.6112
step = 29

Solved pressure in 35
Mean pressure (sorta) 0.000626577MODE 2 RUNNING... FOUND 0
t = 5.80651
step = 30

Solved pressure in 34
Mean pressure (sorta) 0.000537982MODE 2 RUNNING... FOUND 0
t = 6.00182
step = 31

Solved pressure in 35
Mean pressure (sorta) 0.000485745MODE 2 RUNNING... FOUND 0
t = 6.19713
step = 32

Solved pressure in 35
Mean pressure (sorta) 0.000396894MODE 2 RUNNING... FOUND 0
t = 6.39245
step = 33

Solved pressure in 37
Mean pressure (sorta) 0.000337406MODE 2 RUNNING... FOUND 0
t = 6.58776
step = 34

Solved pressure in 35
Mean pressure (sorta) 0.00031985MODE 2 RUNNING... FOUND 0
t = 6.78307
step = 35

Solved pressure in 35
Mean pressure (sorta) 0.000317236MODE 2 RUNNING... FOUND 0
t = 6.97838
step = 36

Solved pressure in 34
Mean pressure (sorta) 0.000310057MODE 2 RUNNING... FOUND 0
t = 7.1737
step = 37

Solved pressure in 35
Mean pressure (sorta) 0.00036435MODE 2 RUNNING... FOUND 0
t = 7.36901
step = 38

Solved pressure in 34
Mean pressure (sorta) 0.000424783MODE 2 RUNNING... FOUND 0
t = 7.56432
step = 39

Solved pressure in 35
Mean pressure (sorta) 0.000450019MODE 2 RUNNING... FOUND 0
t = 7.75963
step = 40

Solved pressure in 36
Mean pressure (sorta) 0.00050206MODE 2 RUNNING... FOUND 0
t = 7.95495
step = 41

Solved pressure in 33
Mean pressure (sorta) 0.000595075MODE 2 RUNNING... FOUND 0
t = 8.15026
step = 42

Solved pressure in 35
Mean pressure (sorta) 0.000620457MODE 2 RUNNING... FOUND 0
t = 8.34557
step = 43

Solved pressure in 37
Mean pressure (sorta) 0.000663517MODE 2 RUNNING... FOUND 0
t = 8.54088
step = 44

Solved pressure in 37
Mean pressure (sorta) 0.000758099MODE 2 RUNNING... FOUND 0
t = 8.7362
step = 45

Solved pressure in 38
Mean pressure (sorta) 0.00077201MODE 2 RUNNING... FOUND 0
t = 8.93151
step = 46

Solved pressure in 34
Mean pressure (sorta) 0.000797MODE 2 RUNNING... FOUND 0
t = 9.12682
step = 47

Solved pressure in 34
Mean pressure (sorta) 0.000886624MODE 2 RUNNING... FOUND 0
t = 9.32213
step = 48

Solved pressure in 35
Mean pressure (sorta) 0.000887439MODE 2 RUNNING... FOUND 0
t = 9.51745
step = 49

Solved pressure in 37
Mean pressure (sorta) 0.000892583MODE 2 RUNNING... FOUND 0
t = 9.71276
step = 50

Solved pressure in 37
Mean pressure (sorta) 0.000940177MODE 2 RUNNING... FOUND 0
t = 9.90807
step = 51

Solved pressure in 37
Mean pressure (sorta) 0.000951052MODE 2 RUNNING... FOUND 0
t = 10.1034
step = 52

Solved pressure in 38
Mean pressure (sorta) 0.000983207MODE 2 RUNNING... FOUND 0
t = 10.2987
step = 53

Solved pressure in 36
Mean pressure (sorta) 0.0010271MODE 2 RUNNING... FOUND 0
t = 10.494
step = 54

Solved pressure in 40
Mean pressure (sorta) 0.00101811MODE 2 RUNNING... FOUND 0
t = 10.6893
step = 55

Solved pressure in 40
Mean pressure (sorta) 0.00106165MODE 2 RUNNING... FOUND 0
t = 10.8846
step = 56

Solved pressure in 43
Mean pressure (sorta) 0.0010951MODE 2 RUNNING... FOUND 0
t = 11.0799
step = 57

Solved pressure in 40
Mean pressure (sorta) 0.00106399MODE 2 RUNNING... FOUND 0
t = 11.2753
step = 58

Solved pressure in 36
Mean pressure (sorta) 0.0011141MODE 2 RUNNING... FOUND 0
t = 11.4706
step = 59

Solved pressure in 42
Mean pressure (sorta) 0.00115438MODE 2 RUNNING... FOUND 0
t = 11.6659
step = 60

Solved pressure in 38
Mean pressure (sorta) 0.0010966MODE 2 RUNNING... FOUND 0
t = 11.8612
step = 61

Solved pressure in 40
Mean pressure (sorta) 0.00114486MODE 2 RUNNING... FOUND 0
t = 12.0565
step = 62

Solved pressure in 38
Mean pressure (sorta) 0.00119621MODE 2 RUNNING... FOUND 0
t = 12.2518
step = 63

Solved pressure in 40
Mean pressure (sorta) 0.00112407MODE 2 RUNNING... FOUND 0
t = 12.4471
step = 64

Solved pressure in 39
Mean pressure (sorta) 0.00117391MODE 2 RUNNING... FOUND 0
t = 12.6424
step = 65

Solved pressure in 39
Mean pressure (sorta) 0.00120258MODE 2 RUNNING... FOUND 0
t = 12.8378
step = 66

Solved pressure in 36
Mean pressure (sorta) 0.00112656MODE 2 RUNNING... FOUND 0
t = 13.0331
step = 67

Solved pressure in 34
Mean pressure (sorta) 0.00117365MODE 2 RUNNING... FOUND 0
t = 13.2284
step = 68

Solved pressure in 37
Mean pressure (sorta) 0.00123038MODE 2 RUNNING... FOUND 0
t = 13.4237
step = 69

Solved pressure in 37
Mean pressure (sorta) 0.00118515MODE 2 RUNNING... FOUND 0
t = 13.619
step = 70

Solved pressure in 36
Mean pressure (sorta) 0.00121995MODE 2 RUNNING... FOUND 0
t = 13.8143
step = 71

Solved pressure in 39
Mean pressure (sorta) 0.00128544MODE 2 RUNNING... FOUND 0
t = 14.0096
step = 72

Solved pressure in 43
Mean pressure (sorta) 0.00129482MODE 2 RUNNING... FOUND 0
t = 14.2049
step = 73

Solved pressure in 39
Mean pressure (sorta) 0.0013351MODE 2 RUNNING... FOUND 0
t = 14.4003
step = 74

Solved pressure in 43
Mean pressure (sorta) 0.00139577MODE 2 RUNNING... FOUND 0
t = 14.5956
step = 75

Solved pressure in 39
Mean pressure (sorta) 0.00143409MODE 2 RUNNING... FOUND 0
t = 14.7909
step = 76

Solved pressure in 44
Mean pressure (sorta) 0.00149197MODE 2 RUNNING... FOUND 0
t = 14.9862
step = 77

Solved pressure in 37
Mean pressure (sorta) 0.00152976MODE 2 RUNNING... FOUND 0
t = 15.1815
step = 78

Solved pressure in 43
Mean pressure (sorta) 0.00157116MODE 2 RUNNING... FOUND 0
t = 15.3768
step = 79

Solved pressure in 39
Mean pressure (sorta) 0.00164112MODE 2 RUNNING... FOUND 0
t = 15.5721
step = 80

Solved pressure in 39
Mean pressure (sorta) 0.00168412MODE 2 RUNNING... FOUND 0
t = 15.7674
step = 81

Solved pressure in 41
Mean pressure (sorta) 0.00172727MODE 2 RUNNING... FOUND 0
t = 15.9628
step = 82

Solved pressure in 43
Mean pressure (sorta) 0.00180374MODE 2 RUNNING... FOUND 0
t = 16.1581
step = 83

Solved pressure in 39
Mean pressure (sorta) 0.00184871MODE 2 RUNNING... FOUND 0
t = 16.3534
step = 84

Solved pressure in 40
Mean pressure (sorta) 0.00189182MODE 2 RUNNING... FOUND 0
t = 16.5487
step = 85

Solved pressure in 38
Mean pressure (sorta) 0.00198134MODE 2 RUNNING... FOUND 0
t = 16.744
step = 86

Solved pressure in 41
Mean pressure (sorta) 0.00199401MODE 2 RUNNING... FOUND 0
t = 16.9393
step = 87

Solved pressure in 38
Mean pressure (sorta) 0.00202364MODE 2 RUNNING... FOUND 1
t = 17.1346
step = 88

Solved pressure in 41
Mean pressure (sorta) 0.00210055MODE 2 RUNNING... FOUND 0
t = 17.3299
step = 89

Solved pressure in 41
Mean pressure (sorta) 0.00207339MODE 2 RUNNING... FOUND 0
t = 17.5253
step = 90

Solved pressure in 38
Mean pressure (sorta) 0.00211703MODE 2 RUNNING... FOUND 0
t = 17.7206
step = 91

Solved pressure in 42
Mean pressure (sorta) 0.00217715MODE 2 RUNNING... FOUND 0
t = 17.9159
step = 92

Solved pressure in 40
Mean pressure (sorta) 0.00220623MODE 2 RUNNING... FOUND 0
t = 18.1112
step = 93

Solved pressure in 39
Mean pressure (sorta) 0.00224614MODE 2 RUNNING... FOUND 0
t = 18.3065
step = 94

Solved pressure in 42
Mean pressure (sorta) 0.00227034MODE 2 RUNNING... FOUND 0
t = 18.5018
step = 95

Solved pressure in 42
Mean pressure (sorta) 0.00232861MODE 2 RUNNING... FOUND 0
t = 18.6971
step = 96

Solved pressure in 40
Mean pressure (sorta) 0.00238214MODE 2 RUNNING... FOUND 0
t = 18.8924
step = 97

Solved pressure in 41
Mean pressure (sorta) 0.00242395MODE 2 RUNNING... FOUND 0
t = 19.0878
step = 98

Solved pressure in 40
Mean pressure (sorta) 0.00252746MODE 2 RUNNING... FOUND 0
t = 19.2831
step = 99

Solved pressure in 38
Mean pressure (sorta) 0.00259283MODE 2 RUNNING... FOUND 0
t = 19.4784
step = 100

Solved pressure in 41
Mean pressure (sorta) 0.0026255MODE 2 RUNNING... FOUND 0
t = 19.6737
step = 101

Solved pressure in 39
Mean pressure (sorta) 0.00272729MODE 2 RUNNING... FOUND 0
t = 19.869
step = 102

Solved pressure in 36
Mean pressure (sorta) 0.00280486MODE 2 RUNNING... FOUND 0
t = 20
step = 103

Outputting data
testdir = ./output/ObjScaleTestRadius0.078/
Outputting data
./output/ObjScaleTestRadius0.078/out
./output/ObjScaleTestRadius0.078/poolOut
./output/ObjScaleTestRadius0.078/poolVel
./output/ObjScaleTestRadius0.078/MSSEdges
./output/ObjScaleTestRadius0.078/MSSNodes
./output/ObjScaleTestRadius0.078/MSSVels
./output/ObjScaleTestRadius0.078/MSSTracers
./output/ObjScaleTestRadius0.078/medialAxis
=========================================================
The total run time of the algorithm: 19
The average run time per step of the algorithm: 0.184466
=========================================================
['./TestDrivers/2DDrivers/ObjScaleTest0.16', './TestDrivers/2DDrivers/ObjScaleTest0.62', './TestDrivers/2DDrivers/ObjScaleTest0.078', './TestDrivers/2DDrivers/ObjScaleTest1.2', './TestDrivers/2DDrivers/ObjScaleTest0.31']
['ObjScaleTest0.16', 'ObjScaleTest0.62', 'ObjScaleTest0.078', 'ObjScaleTest1.2', 'ObjScaleTest0.31']
====================================
Functions available:

create_test()
grid_scale_test()
obj_scale_test()
full_scale_test()
run_scale_experiment()
run_obj_scale_experiment()
create_scale_plot()
run_solver()
exit()

====================================
call function() = evaling exit()
